
cloning PhoneGapLib
<DW>
____________________
mkdir -p /Users/nacho/Documents/DW_NAF
cp -r -f /Applications/Adobe\ Dreamweaver\ CS5.5/Configuration/NativeAppFramework/DWPhoneGap/iphone/PhoneGapLib /Users/nacho/Documents/DW_NAF/PhoneGapLib
chmod -R 777 /Users/nacho/Documents/DW_NAF/PhoneGapLib
____________________
</DW>
operation completed
	emptySelectCount =  13
	readCount = 1

Cloning seed app for iOS
<DW>
____________________
cd /Users/nacho/BBVA-MasterCard-Black-Ipad
/Applications/Adobe\ Dreamweaver\ CS5.5/Configuration/NativeAppFramework/DWPhoneGap/iphone/scripts/iGap.sh /Applications/Adobe\ Dreamweaver\ CS5.5/Configuration/NativeAppFramework/DWPhoneGap/iphone/PhoneGapApp 'bbvablackmovil' 'tribecamedia' 'com.tribecamedia.bbvablackmovil' '1.0' /Users/nacho/Documents/DW_NAF/PhoneGapLib
____________________
</DW>
copying project directory from /Applications/Adobe Dreamweaver CS5.5/Configuration/NativeAppFramework/DWPhoneGap/iphone/PhoneGapApp to com.tribecamedia.bbvablackmovil
/Users/nacho/BBVA-MasterCard-Black-Ipad
finished.
operation completed
	emptySelectCount =  3
	readCount = 4
WARNING: no splash screen was specified in app settings. using default.

building bbvablackmovil for iOS.
<DW>
____________________
cd /Users/nacho/BBVA-MasterCard-Black-Ipad/com.tribecamedia.bbvablackmovil_iOS/
chmod 777 /Users/nacho/BBVA-MasterCard-Black-Ipad/com.tribecamedia.bbvablackmovil_iOS/www/phonegap.js
/Developer/usr/bin/xcodebuild -project 'bbvablackmovil-iPad.xcodeproj' -configuration Debug -sdk /Developer/Platforms/iPhoneSimulator.platform/Developer/SDKs/iPhoneSimulator4.2.sdk
____________________
</DW>
Build settings from command line:
    PLATFORM_NAME = iphonesimulator
    SDKROOT = /Developer/Platforms/iPhoneSimulator.platform/Developer/SDKs/iPhoneSimulator4.2.sdk


=== BUILD NATIVE TARGET PhoneGapLib OF PROJECT PhoneGapLib WITH CONFIGURATION Debug ===
Check dependencies
PhaseScriptExecution "Make phonegap.js" build/PhoneGapLib.build/Debug-iphonesimulator/PhoneGapLib.build/Script-3044C11210BC6AEE00581BFB.sh
    cd /Users/nacho/Documents/DW_NAF/PhoneGapLib
    setenv ACTION build
    setenv ALTERNATE_GROUP staff
    setenv ALTERNATE_MODE u+w,go-w,a+rX
    setenv ALTERNATE_OWNER nacho
    setenv ALWAYS_SEARCH_USER_PATHS NO
    setenv APPLE_INTERNAL_DEVELOPER_DIR /AppleInternal/Developer
    setenv APPLE_INTERNAL_DIR /AppleInternal
    setenv APPLE_INTERNAL_DOCUMENTATION_DIR /AppleInternal/Documentation
    setenv APPLE_INTERNAL_LIBRARY_DIR /AppleInternal/Library
    setenv APPLE_INTERNAL_TOOLS /AppleInternal/Developer/Tools
    setenv APPLY_RULES_IN_COPY_FILES NO
    setenv ARCHS i386
    setenv ARCHS_STANDARD_32_BIT i386
    setenv ARCHS_UNIVERSAL_IPHONE_OS i386
    setenv BUILD_COMPONENTS "headers build"
    setenv BUILD_DIR /Users/nacho/Documents/DW_NAF/PhoneGapLib/build
    setenv BUILD_ROOT /Users/nacho/Documents/DW_NAF/PhoneGapLib/build
    setenv BUILD_STYLE Debug
    setenv BUILD_VARIANTS normal
    setenv BUILT_PRODUCTS_DIR /Users/nacho/Documents/DW_NAF/PhoneGapLib/build/Debug-iphonesimulator
    setenv CACHE_ROOT /var/folders/c4/qg9q8mcn1p95bkg35sr7gzr40000gn/C/com.apple.Xcode.501
    setenv CCHROOT /var/folders/c4/qg9q8mcn1p95bkg35sr7gzr40000gn/C/com.apple.Xcode.501
    setenv CHMOD /bin/chmod
    setenv CHOWN /usr/sbin/chown
    setenv CLASS_FILE_DIR /Users/nacho/Documents/DW_NAF/PhoneGapLib/build/PhoneGapLib.build/Debug-iphonesimulator/PhoneGapLib.build/JavaClasses
    setenv CLEAN_PRECOMPS YES
    setenv CLONE_HEADERS NO
    setenv CODESIGNING_FOLDER_PATH /Users/nacho/Documents/DW_NAF/PhoneGapLib/build/Debug-iphonesimulator/libPhoneGapLib.a
    setenv COMMAND_MODE legacy
    setenv COMPOSITE_SDK_DIRS /var/folders/c4/qg9q8mcn1p95bkg35sr7gzr40000gn/C/com.apple.Xcode.501/CompositeSDKs
    setenv COMPRESS_PNG_FILES YES
    setenv CONFIGURATION Debug
    setenv CONFIGURATION_BUILD_DIR /Users/nacho/Documents/DW_NAF/PhoneGapLib/build/Debug-iphonesimulator
    setenv CONFIGURATION_TEMP_DIR /Users/nacho/Documents/DW_NAF/PhoneGapLib/build/PhoneGapLib.build/Debug-iphonesimulator
    setenv COPYING_PRESERVES_HFS_DATA NO
    setenv COPY_PHASE_STRIP NO
    setenv COPY_RESOURCES_FROM_STATIC_FRAMEWORKS YES
    setenv CP /bin/cp
    setenv CURRENT_ARCH i386
    setenv CURRENT_VARIANT normal
    setenv DEAD_CODE_STRIPPING NO
    setenv DEBUGGING_SYMBOLS YES
    setenv DEBUG_INFORMATION_FORMAT dwarf-with-dsym
    setenv DEPLOYMENT_LOCATION NO
    setenv DEPLOYMENT_POSTPROCESSING NO
    setenv DERIVED_FILES_DIR /Users/nacho/Documents/DW_NAF/PhoneGapLib/build/PhoneGapLib.build/Debug-iphonesimulator/PhoneGapLib.build/DerivedSources
    setenv DERIVED_FILE_DIR /Users/nacho/Documents/DW_NAF/PhoneGapLib/build/PhoneGapLib.build/Debug-iphonesimulator/PhoneGapLib.build/DerivedSources
    setenv DERIVED_SOURCES_DIR /Users/nacho/Documents/DW_NAF/PhoneGapLib/build/PhoneGapLib.build/Debug-iphonesimulator/PhoneGapLib.build/DerivedSources
    setenv DEVELOPER_APPLICATIONS_DIR /Developer/Applications
    setenv DEVELOPER_BIN_DIR /Developer/usr/bin
    setenv DEVELOPER_DIR /Developer
    setenv DEVELOPER_FRAMEWORKS_DIR /Developer/Library/Frameworks
    setenv DEVELOPER_FRAMEWORKS_DIR_QUOTED "\"/Developer/Library/Frameworks\""
    setenv DEVELOPER_LIBRARY_DIR /Developer/Library
    setenv DEVELOPER_SDK_DIR /Developer/SDKs
    setenv DEVELOPER_TOOLS_DIR /Developer/Tools
    setenv DEVELOPER_USR_DIR /Developer/usr
    setenv DEVELOPMENT_LANGUAGE English
    setenv DO_HEADER_SCANNING_IN_JAM NO
    setenv DSTROOT /tmp/PhoneGapLib.dst
    setenv DWARF_DSYM_FILE_NAME libPhoneGapLib.a.dSYM
    setenv DWARF_DSYM_FOLDER_PATH /Users/nacho/Documents/DW_NAF/PhoneGapLib/build/Debug-iphonesimulator
    setenv EFFECTIVE_PLATFORM_NAME -iphonesimulator
    setenv ENABLE_HEADER_DEPENDENCIES YES
    setenv ENABLE_OPENMP_SUPPORT NO
    setenv EXCLUDED_INSTALLSRC_SUBDIRECTORY_PATTERNS ".svn .git CVS"
    setenv EXCLUDED_RECURSIVE_SEARCH_PATH_SUBDIRECTORIES "*.nib *.lproj *.framework *.gch (*) CVS .svn .git *.xcodeproj *.xcode *.pbproj *.pbxproj"
    setenv EXECUTABLE_EXTENSION a
    setenv EXECUTABLE_NAME libPhoneGapLib.a
    setenv EXECUTABLE_PATH libPhoneGapLib.a
    setenv EXECUTABLE_PREFIX lib
    setenv EXECUTABLE_SUFFIX .a
    setenv FILE_LIST /Users/nacho/Documents/DW_NAF/PhoneGapLib/build/PhoneGapLib.build/Debug-iphonesimulator/PhoneGapLib.build/Objects/LinkFileList
    setenv FIXED_FILES_DIR /Users/nacho/Documents/DW_NAF/PhoneGapLib/build/PhoneGapLib.build/Debug-iphonesimulator/PhoneGapLib.build/FixedFiles
    setenv FRAMEWORK_FLAG_PREFIX -framework
    setenv FRAMEWORK_SEARCH_PATHS "\"/Users/nacho/Documents/DW_NAF/PhoneGapLib/build/Debug-iphonesimulator\" "
    setenv FRAMEWORK_VERSION A
    setenv FULL_PRODUCT_NAME libPhoneGapLib.a
    setenv GCC3_VERSION 3.3
    setenv GCC_C_LANGUAGE_STANDARD c99
    setenv GCC_DYNAMIC_NO_PIC NO
    setenv GCC_ENABLE_FIX_AND_CONTINUE YES
    setenv GCC_ENABLE_SYMBOL_SEPARATION NO
    setenv GCC_MODEL_TUNING G5
    setenv GCC_OBJC_LEGACY_DISPATCH YES
    setenv GCC_OPTIMIZATION_LEVEL 0
    setenv GCC_PFE_FILE_C_DIALECTS "c objective-c c++ objective-c++"
    setenv GCC_PRECOMPILE_PREFIX_HEADER YES
    setenv GCC_PREFIX_HEADER PhoneGapLib_Prefix.pch
    setenv GCC_TREAT_WARNINGS_AS_ERRORS NO
    setenv GCC_VERSION 4.2
    setenv GCC_VERSION_IDENTIFIER __2
    setenv GCC_WARN_ABOUT_RETURN_TYPE YES
    setenv GCC_WARN_UNUSED_VARIABLE YES
    setenv GENERATE_MASTER_OBJECT_FILE NO
    setenv GENERATE_PKGINFO_FILE NO
    setenv GENERATE_PROFILING_CODE NO
    setenv GID 20
    setenv GROUP staff
    setenv HEADERMAP_INCLUDES_FLAT_ENTRIES_FOR_TARGET_BEING_BUILT YES
    setenv HEADERMAP_INCLUDES_FRAMEWORK_ENTRIES_FOR_ALL_PRODUCT_TYPES YES
    setenv HEADERMAP_INCLUDES_NONPUBLIC_NONPRIVATE_HEADERS YES
    setenv HEADERMAP_INCLUDES_PROJECT_HEADERS YES
    setenv HEADER_SEARCH_PATHS "\"/Users/nacho/Documents/DW_NAF/PhoneGapLib/build/Debug-iphonesimulator/include\" "
    setenv ICONV /usr/bin/iconv
    setenv INFOPLIST_EXPAND_BUILD_SETTINGS YES
    setenv INFOPLIST_OUTPUT_FORMAT binary
    setenv INFOPLIST_PREPROCESS NO
    setenv INSTALL_DIR /tmp/PhoneGapLib.dst/usr/local/lib
    setenv INSTALL_GROUP staff
    setenv INSTALL_MODE_FLAG u+w,go-w,a+rX
    setenv INSTALL_OWNER nacho
    setenv INSTALL_PATH /usr/local/lib
    setenv INSTALL_ROOT /tmp/PhoneGapLib.dst
    setenv IPHONEOS_DEPLOYMENT_TARGET 4.2
    setenv JAVAC_DEFAULT_FLAGS "-J-Xms64m -J-XX:NewSize=4M -J-Dfile.encoding=UTF8"
    setenv JAVA_APP_STUB /System/Library/Frameworks/JavaVM.framework/Resources/MacOS/JavaApplicationStub
    setenv JAVA_ARCHIVE_CLASSES YES
    setenv JAVA_ARCHIVE_TYPE JAR
    setenv JAVA_COMPILER /usr/bin/javac
    setenv JAVA_FRAMEWORK_RESOURCES_DIRS Resources
    setenv JAVA_JAR_FLAGS cv
    setenv JAVA_SOURCE_SUBDIR .
    setenv JAVA_USE_DEPENDENCIES YES
    setenv JAVA_ZIP_FLAGS -urg
    setenv JIKES_DEFAULT_FLAGS "+E +OLDCSO"
    setenv KEEP_PRIVATE_EXTERNS NO
    setenv LD_GENERATE_MAP_FILE NO
    setenv LD_MAP_FILE_PATH /Users/nacho/Documents/DW_NAF/PhoneGapLib/build/PhoneGapLib.build/Debug-iphonesimulator/PhoneGapLib.build/PhoneGapLib-LinkMap-normal-i386.txt
    setenv LD_OPENMP_FLAGS -fopenmp
    setenv LEX /Developer/usr/bin/lex
    setenv LIBRARY_FLAG_NOSPACE YES
    setenv LIBRARY_FLAG_PREFIX -l
    setenv LIBRARY_SEARCH_PATHS "\"/Users/nacho/Documents/DW_NAF/PhoneGapLib/build/Debug-iphonesimulator\" "
    setenv LINKER_DISPLAYS_MANGLED_NAMES NO
    setenv LINK_FILE_LIST_normal_i386 /Users/nacho/Documents/DW_NAF/PhoneGapLib/build/PhoneGapLib.build/Debug-iphonesimulator/PhoneGapLib.build/Objects-normal/i386/PhoneGapLib.LinkFileList
    setenv LINK_WITH_STANDARD_LIBRARIES YES
    setenv LOCAL_ADMIN_APPS_DIR /Applications/Utilities
    setenv LOCAL_APPS_DIR /Applications
    setenv LOCAL_DEVELOPER_DIR /Library/Developer
    setenv LOCAL_LIBRARY_DIR /Library
    setenv MACH_O_TYPE staticlib
    setenv MACOSX_DEPLOYMENT_TARGET 10.6
    setenv MAC_OS_X_PRODUCT_BUILD_VERSION 11D50
    setenv MAC_OS_X_VERSION_ACTUAL 1073
    setenv MAC_OS_X_VERSION_MAJOR 1070
    setenv MAC_OS_X_VERSION_MINOR 0703
    setenv NATIVE_ARCH i386
    setenv NATIVE_ARCH_32_BIT i386
    setenv NATIVE_ARCH_64_BIT x86_64
    setenv NATIVE_ARCH_ACTUAL x86_64
    setenv NO_COMMON YES
    setenv OBJC_ABI_VERSION 2
    setenv OBJECT_FILE_DIR /Users/nacho/Documents/DW_NAF/PhoneGapLib/build/PhoneGapLib.build/Debug-iphonesimulator/PhoneGapLib.build/Objects
    setenv OBJECT_FILE_DIR_normal /Users/nacho/Documents/DW_NAF/PhoneGapLib/build/PhoneGapLib.build/Debug-iphonesimulator/PhoneGapLib.build/Objects-normal
    setenv OBJROOT /Users/nacho/Documents/DW_NAF/PhoneGapLib/build
    setenv ONLY_ACTIVE_ARCH NO
    setenv OPTIMIZATION_LEVEL 0
    setenv OS MACOS
    setenv OSAC /usr/bin/osacompile
    setenv OTHER_LDFLAGS "-all_load -ObjC"
    setenv PACKAGE_TYPE com.apple.package-type.static-library
    setenv PASCAL_STRINGS YES
    setenv PATH "/Developer/Platforms/iPhoneSimulator.platform/Developer/usr/bin:/Developer/usr/bin:/usr/bin:/bin:/usr/sbin:/sbin"
    setenv PATH_PREFIXES_EXCLUDED_FROM_HEADER_DEPENDENCIES "/usr/include /usr/local/include /System/Library/Frameworks /System/Library/PrivateFrameworks /Developer/Headers /Developer/SDKs /Developer/Platforms"
    setenv PFE_FILE_C_DIALECTS objective-c
    setenv PKGINFO_FILE_PATH /Users/nacho/Documents/DW_NAF/PhoneGapLib/build/PhoneGapLib.build/Debug-iphonesimulator/PhoneGapLib.build/PkgInfo
    setenv PLATFORM_DEVELOPER_APPLICATIONS_DIR /Developer/Platforms/iPhoneSimulator.platform/Developer/Applications
    setenv PLATFORM_DEVELOPER_BIN_DIR /Developer/Platforms/iPhoneSimulator.platform/Developer/usr/bin
    setenv PLATFORM_DEVELOPER_LIBRARY_DIR /Developer/Platforms/iPhoneSimulator.platform/Developer/Library
    setenv PLATFORM_DEVELOPER_SDK_DIR /Developer/Platforms/iPhoneSimulator.platform/Developer/SDKs
    setenv PLATFORM_DEVELOPER_TOOLS_DIR /Developer/Platforms/iPhoneSimulator.platform/Developer/Tools
    setenv PLATFORM_DEVELOPER_USR_DIR /Developer/Platforms/iPhoneSimulator.platform/Developer/usr
    setenv PLATFORM_DIR /Developer/Platforms/iPhoneSimulator.platform
    setenv PLATFORM_NAME iphonesimulator
    setenv PLATFORM_PRODUCT_BUILD_VERSION 8F192
    setenv PLATFORM_VERSION_AVAILABILITY_H_FORMAT 40200
    setenv PLIST_FILE_OUTPUT_FORMAT binary
    setenv PREBINDING NO
    setenv PRECOMPS_INCLUDE_HEADERS_FROM_BUILT_PRODUCTS_DIR YES
    setenv PRECOMP_DESTINATION_DIR /Users/nacho/Documents/DW_NAF/PhoneGapLib/build/PhoneGapLib.build/Debug-iphonesimulator/PhoneGapLib.build/PrefixHeaders
    setenv PRESERVE_DEAD_CODE_INITS_AND_TERMS NO
    setenv PRIVATE_HEADERS_FOLDER_PATH /usr/local/include
    setenv PRODUCT_NAME PhoneGapLib
    setenv PRODUCT_SETTINGS_PATH 
    setenv PRODUCT_TYPE com.apple.product-type.library.static
    setenv PROFILING_CODE NO
    setenv PROJECT PhoneGapLib
    setenv PROJECT_DERIVED_FILE_DIR /Users/nacho/Documents/DW_NAF/PhoneGapLib/build/PhoneGapLib.build/DerivedSources
    setenv PROJECT_DIR /Users/nacho/Documents/DW_NAF/PhoneGapLib
    setenv PROJECT_FILE_PATH /Users/nacho/Documents/DW_NAF/PhoneGapLib/PhoneGapLib.xcodeproj
    setenv PROJECT_NAME PhoneGapLib
    setenv PROJECT_TEMP_DIR /Users/nacho/Documents/DW_NAF/PhoneGapLib/build/PhoneGapLib.build
    setenv PUBLIC_HEADERS_FOLDER_PATH /usr/local/include
    setenv RECURSIVE_SEARCH_PATHS_FOLLOW_SYMLINKS YES
    setenv REMOVE_CVS_FROM_RESOURCES YES
    setenv REMOVE_GIT_FROM_RESOURCES YES
    setenv REMOVE_SVN_FROM_RESOURCES YES
    setenv REZ_COLLECTOR_DIR /Users/nacho/Documents/DW_NAF/PhoneGapLib/build/PhoneGapLib.build/Debug-iphonesimulator/PhoneGapLib.build/ResourceManagerResources
    setenv REZ_EXECUTABLE YES
    setenv REZ_OBJECTS_DIR /Users/nacho/Documents/DW_NAF/PhoneGapLib/build/PhoneGapLib.build/Debug-iphonesimulator/PhoneGapLib.build/ResourceManagerResources/Objects
    setenv REZ_SEARCH_PATHS "\"/Users/nacho/Documents/DW_NAF/PhoneGapLib/build/Debug-iphonesimulator\" "
    setenv RUN_CLANG_STATIC_ANALYZER NO
    setenv SCAN_ALL_SOURCE_FILES_FOR_INCLUDES NO
    setenv SCRIPT_INPUT_FILE_COUNT 0
    setenv SCRIPT_OUTPUT_FILE_COUNT 0
    setenv SDKROOT /Developer/Platforms/iPhoneSimulator.platform/Developer/SDKs/iPhoneSimulator4.2.sdk
    setenv SDK_DIR /Developer/Platforms/iPhoneSimulator.platform/Developer/SDKs/iPhoneSimulator4.2.sdk
    setenv SDK_NAME iphonesimulator4.2
    setenv SDK_PRODUCT_BUILD_VERSION 8C134
    setenv SED /usr/bin/sed
    setenv SEPARATE_STRIP YES
    setenv SEPARATE_SYMBOL_EDIT NO
    setenv SET_DIR_MODE_OWNER_GROUP YES
    setenv SET_FILE_MODE_OWNER_GROUP NO
    setenv SHARED_DERIVED_FILE_DIR /Users/nacho/Documents/DW_NAF/PhoneGapLib/build/Debug-iphonesimulator/DerivedSources
    setenv SHARED_PRECOMPS_DIR /var/folders/c4/qg9q8mcn1p95bkg35sr7gzr40000gn/C/com.apple.Xcode.501/SharedPrecompiledHeaders
    setenv SKIP_INSTALL NO
    setenv SOURCE_ROOT /Users/nacho/Documents/DW_NAF/PhoneGapLib
    setenv SRCROOT /Users/nacho/Documents/DW_NAF/PhoneGapLib
    setenv STANDARD_C_PLUS_PLUS_LIBRARY_TYPE dynamic
    setenv STRINGS_FILE_OUTPUT_ENCODING binary
    setenv STRIP_INSTALLED_PRODUCT YES
    setenv STRIP_STYLE debugging
    setenv SUPPORTED_DEVICE_FAMILIES "1 2"
    setenv SYMBOL_REPOSITORY_DIR /Users/nacho/Documents/DW_NAF/PhoneGapLib/build/PhoneGapLib.build/Debug-iphonesimulator/PhoneGapLib.build/SymbolRepositories
    setenv SYMROOT /Users/nacho/Documents/DW_NAF/PhoneGapLib/build
    setenv SYSTEM_ADMIN_APPS_DIR /Applications/Utilities
    setenv SYSTEM_APPS_DIR /Applications
    setenv SYSTEM_CORE_SERVICES_DIR /System/Library/CoreServices
    setenv SYSTEM_DEMOS_DIR /Applications/Extras
    setenv SYSTEM_DEVELOPER_APPS_DIR /Developer/Applications
    setenv SYSTEM_DEVELOPER_BIN_DIR /Developer/usr/bin
    setenv SYSTEM_DEVELOPER_DEMOS_DIR "/Developer/Applications/Utilities/Built Examples"
    setenv SYSTEM_DEVELOPER_DIR /Developer
    setenv SYSTEM_DEVELOPER_DOC_DIR "/Developer/ADC Reference Library"
    setenv SYSTEM_DEVELOPER_GRAPHICS_TOOLS_DIR "/Developer/Applications/Graphics Tools"
    setenv SYSTEM_DEVELOPER_JAVA_TOOLS_DIR "/Developer/Applications/Java Tools"
    setenv SYSTEM_DEVELOPER_PERFORMANCE_TOOLS_DIR "/Developer/Applications/Performance Tools"
    setenv SYSTEM_DEVELOPER_RELEASENOTES_DIR "/Developer/ADC Reference Library/releasenotes"
    setenv SYSTEM_DEVELOPER_TOOLS /Developer/Tools
    setenv SYSTEM_DEVELOPER_TOOLS_DOC_DIR "/Developer/ADC Reference Library/documentation/DeveloperTools"
    setenv SYSTEM_DEVELOPER_TOOLS_RELEASENOTES_DIR "/Developer/ADC Reference Library/releasenotes/DeveloperTools"
    setenv SYSTEM_DEVELOPER_USR_DIR /Developer/usr
    setenv SYSTEM_DEVELOPER_UTILITIES_DIR /Developer/Applications/Utilities
    setenv SYSTEM_DOCUMENTATION_DIR /Library/Documentation
    setenv SYSTEM_LIBRARY_DIR /System/Library
    setenv TARGETED_DEVICE_FAMILY 1
    setenv TARGETNAME PhoneGapLib
    setenv TARGET_BUILD_DIR /Users/nacho/Documents/DW_NAF/PhoneGapLib/build/Debug-iphonesimulator
    setenv TARGET_NAME PhoneGapLib
    setenv TARGET_TEMP_DIR /Users/nacho/Documents/DW_NAF/PhoneGapLib/build/PhoneGapLib.build/Debug-iphonesimulator/PhoneGapLib.build
    setenv TEMP_DIR /Users/nacho/Documents/DW_NAF/PhoneGapLib/build/PhoneGapLib.build/Debug-iphonesimulator/PhoneGapLib.build
    setenv TEMP_FILES_DIR /Users/nacho/Documents/DW_NAF/PhoneGapLib/build/PhoneGapLib.build/Debug-iphonesimulator/PhoneGapLib.build
    setenv TEMP_FILE_DIR /Users/nacho/Documents/DW_NAF/PhoneGapLib/build/PhoneGapLib.build/Debug-iphonesimulator/PhoneGapLib.build
    setenv TEMP_ROOT /Users/nacho/Documents/DW_NAF/PhoneGapLib/build
    setenv UID 501
    setenv UNSTRIPPED_PRODUCT NO
    setenv USER nacho
    setenv USER_APPS_DIR /Users/nacho/Applications
    setenv USER_LIBRARY_DIR /Users/nacho/Library
    setenv USE_DYNAMIC_NO_PIC YES
    setenv USE_HEADERMAP YES
    setenv USE_HEADER_SYMLINKS NO
    setenv VALIDATE_PRODUCT NO
    setenv VALID_ARCHS "i386 armv6 armv7"
    setenv VERBOSE_PBXCP NO
    setenv VERSION_INFO_BUILDER nacho
    setenv VERSION_INFO_FILE PhoneGapLib_vers.c
    setenv VERSION_INFO_STRING "\"@(#)PROGRAM:PhoneGapLib  PROJECT:PhoneGapLib-\""
    setenv XCODE_APP_SUPPORT_DIR /Developer/Library/Xcode
    setenv XCODE_PRODUCT_BUILD_VERSION 10M2518
    setenv XCODE_VERSION_ACTUAL 0400
    setenv XCODE_VERSION_MAJOR 0400
    setenv XCODE_VERSION_MINOR 0400
    setenv YACC /Developer/usr/bin/yacc
    /bin/sh -c /Users/nacho/Documents/DW_NAF/PhoneGapLib/build/PhoneGapLib.build/Debug-iphonesimulator/PhoneGapLib.build/Script-3044C11210BC6AEE00581BFB.sh

java -jar util/yuicompressor/yuicompressor-2.4.2.jar --nomunge --charset UTF-8 -o javascripts/phonegap.js javascripts/phonegap-uncompressed.js

=== BUILD NATIVE TARGET bbvablackmovil OF PROJECT bbvablackmovil-iPad WITH CONFIGURATION Debug ===
Check dependencies
ProcessInfoPlistFile build/Debug-iphonesimulator/bbvablackmovil.app/Info.plist bbvablackmovil-Info.plist
    cd /Users/nacho/BBVA-MasterCard-Black-Ipad/com.tribecamedia.bbvablackmovil_iOS
    setenv PATH "/Developer/Platforms/iPhoneSimulator.platform/Developer/usr/bin:/Developer/usr/bin:/usr/bin:/bin:/usr/sbin:/sbin"
    builtin-infoPlistUtility bbvablackmovil-Info.plist -genpkginfo /Users/nacho/BBVA-MasterCard-Black-Ipad/com.tribecamedia.bbvablackmovil_iOS/build/Debug-iphonesimulator/bbvablackmovil.app/PkgInfo -expandbuildsettings -format binary -platform iphonesimulator -o /Users/nacho/BBVA-MasterCard-Black-Ipad/com.tribecamedia.bbvablackmovil_iOS/build/Debug-iphonesimulator/bbvablackmovil.app/Info.plist

PhaseScriptExecution "Copy PhoneGap Javascript" build/bbvablackmovil-iPad.build/Debug-iphonesimulator/bbvablackmovil.build/Script-30E9A9A110B758320022D3BA.sh
    cd /Users/nacho/BBVA-MasterCard-Black-Ipad/com.tribecamedia.bbvablackmovil_iOS
    setenv ACTION build
    setenv ALTERNATE_GROUP staff
    setenv ALTERNATE_MODE u+w,go-w,a+rX
    setenv ALTERNATE_OWNER nacho
    setenv ALWAYS_SEARCH_USER_PATHS NO
    setenv APPLE_INTERNAL_DEVELOPER_DIR /AppleInternal/Developer
    setenv APPLE_INTERNAL_DIR /AppleInternal
    setenv APPLE_INTERNAL_DOCUMENTATION_DIR /AppleInternal/Documentation
    setenv APPLE_INTERNAL_LIBRARY_DIR /AppleInternal/Library
    setenv APPLE_INTERNAL_TOOLS /AppleInternal/Developer/Tools
    setenv APPLY_RULES_IN_COPY_FILES NO
    setenv ARCHS i386
    setenv ARCHS_STANDARD_32_BIT i386
    setenv ARCHS_UNIVERSAL_IPHONE_OS i386
    setenv BUILD_COMPONENTS "headers build"
    setenv BUILD_DIR /Users/nacho/BBVA-MasterCard-Black-Ipad/com.tribecamedia.bbvablackmovil_iOS/build
    setenv BUILD_ROOT /Users/nacho/BBVA-MasterCard-Black-Ipad/com.tribecamedia.bbvablackmovil_iOS/build
    setenv BUILD_STYLE Debug
    setenv BUILD_VARIANTS normal
    setenv BUILT_PRODUCTS_DIR /Users/nacho/BBVA-MasterCard-Black-Ipad/com.tribecamedia.bbvablackmovil_iOS/build/Debug-iphonesimulator
    setenv CACHE_ROOT /var/folders/c4/qg9q8mcn1p95bkg35sr7gzr40000gn/C/com.apple.Xcode.501
    setenv CCHROOT /var/folders/c4/qg9q8mcn1p95bkg35sr7gzr40000gn/C/com.apple.Xcode.501
    setenv CHMOD /bin/chmod
    setenv CHOWN /usr/sbin/chown
    setenv CLASS_FILE_DIR /Users/nacho/BBVA-MasterCard-Black-Ipad/com.tribecamedia.bbvablackmovil_iOS/build/bbvablackmovil-iPad.build/Debug-iphonesimulator/bbvablackmovil.build/JavaClasses
    setenv CLEAN_PRECOMPS YES
    setenv CLONE_HEADERS NO
    setenv CODESIGNING_FOLDER_PATH /Users/nacho/BBVA-MasterCard-Black-Ipad/com.tribecamedia.bbvablackmovil_iOS/build/Debug-iphonesimulator/bbvablackmovil.app
    setenv COMMAND_MODE legacy
    setenv COMPOSITE_SDK_DIRS /var/folders/c4/qg9q8mcn1p95bkg35sr7gzr40000gn/C/com.apple.Xcode.501/CompositeSDKs
    setenv COMPRESS_PNG_FILES YES
    setenv CONFIGURATION Debug
    setenv CONFIGURATION_BUILD_DIR /Users/nacho/BBVA-MasterCard-Black-Ipad/com.tribecamedia.bbvablackmovil_iOS/build/Debug-iphonesimulator
    setenv CONFIGURATION_TEMP_DIR /Users/nacho/BBVA-MasterCard-Black-Ipad/com.tribecamedia.bbvablackmovil_iOS/build/bbvablackmovil-iPad.build/Debug-iphonesimulator
    setenv CONTENTS_FOLDER_PATH bbvablackmovil.app
    setenv COPYING_PRESERVES_HFS_DATA NO
    setenv COPY_PHASE_STRIP NO
    setenv COPY_RESOURCES_FROM_STATIC_FRAMEWORKS YES
    setenv CP /bin/cp
    setenv CURRENT_ARCH i386
    setenv CURRENT_VARIANT normal
    setenv DEAD_CODE_STRIPPING NO
    setenv DEBUGGING_SYMBOLS YES
    setenv DEBUG_INFORMATION_FORMAT dwarf-with-dsym
    setenv DEPLOYMENT_LOCATION NO
    setenv DEPLOYMENT_POSTPROCESSING NO
    setenv DERIVED_FILES_DIR /Users/nacho/BBVA-MasterCard-Black-Ipad/com.tribecamedia.bbvablackmovil_iOS/build/bbvablackmovil-iPad.build/Debug-iphonesimulator/bbvablackmovil.build/DerivedSources
    setenv DERIVED_FILE_DIR /Users/nacho/BBVA-MasterCard-Black-Ipad/com.tribecamedia.bbvablackmovil_iOS/build/bbvablackmovil-iPad.build/Debug-iphonesimulator/bbvablackmovil.build/DerivedSources
    setenv DERIVED_SOURCES_DIR /Users/nacho/BBVA-MasterCard-Black-Ipad/com.tribecamedia.bbvablackmovil_iOS/build/bbvablackmovil-iPad.build/Debug-iphonesimulator/bbvablackmovil.build/DerivedSources
    setenv DEVELOPER_APPLICATIONS_DIR /Developer/Applications
    setenv DEVELOPER_BIN_DIR /Developer/usr/bin
    setenv DEVELOPER_DIR /Developer
    setenv DEVELOPER_FRAMEWORKS_DIR /Developer/Library/Frameworks
    setenv DEVELOPER_FRAMEWORKS_DIR_QUOTED "\"/Developer/Library/Frameworks\""
    setenv DEVELOPER_LIBRARY_DIR /Developer/Library
    setenv DEVELOPER_SDK_DIR /Developer/SDKs
    setenv DEVELOPER_TOOLS_DIR /Developer/Tools
    setenv DEVELOPER_USR_DIR /Developer/usr
    setenv DEVELOPMENT_LANGUAGE English
    setenv DOCUMENTATION_FOLDER_PATH bbvablackmovil.app/English.lproj/Documentation
    setenv DO_HEADER_SCANNING_IN_JAM NO
    setenv DSTROOT /tmp/bbvablackmovil-iPad.dst
    setenv DWARF_DSYM_FILE_NAME bbvablackmovil.app.dSYM
    setenv DWARF_DSYM_FOLDER_PATH /Users/nacho/BBVA-MasterCard-Black-Ipad/com.tribecamedia.bbvablackmovil_iOS/build/Debug-iphonesimulator
    setenv EFFECTIVE_PLATFORM_NAME -iphonesimulator
    setenv ENABLE_HEADER_DEPENDENCIES YES
    setenv ENABLE_OPENMP_SUPPORT NO
    setenv EXCLUDED_INSTALLSRC_SUBDIRECTORY_PATTERNS ".svn .git CVS"
    setenv EXCLUDED_RECURSIVE_SEARCH_PATH_SUBDIRECTORIES "*.nib *.lproj *.framework *.gch (*) CVS .svn .git *.xcodeproj *.xcode *.pbproj *.pbxproj"
    setenv EXECUTABLES_FOLDER_PATH bbvablackmovil.app/Executables
    setenv EXECUTABLE_FOLDER_PATH bbvablackmovil.app
    setenv EXECUTABLE_NAME bbvablackmovil
    setenv EXECUTABLE_PATH bbvablackmovil.app/bbvablackmovil
    setenv FILE_LIST /Users/nacho/BBVA-MasterCard-Black-Ipad/com.tribecamedia.bbvablackmovil_iOS/build/bbvablackmovil-iPad.build/Debug-iphonesimulator/bbvablackmovil.build/Objects/LinkFileList
    setenv FIXED_FILES_DIR /Users/nacho/BBVA-MasterCard-Black-Ipad/com.tribecamedia.bbvablackmovil_iOS/build/bbvablackmovil-iPad.build/Debug-iphonesimulator/bbvablackmovil.build/FixedFiles
    setenv FRAMEWORKS_FOLDER_PATH bbvablackmovil.app/Frameworks
    setenv FRAMEWORK_FLAG_PREFIX -framework
    setenv FRAMEWORK_SEARCH_PATHS "\"/Users/nacho/BBVA-MasterCard-Black-Ipad/com.tribecamedia.bbvablackmovil_iOS/build/Debug-iphonesimulator\" "
    setenv FRAMEWORK_VERSION A
    setenv FULL_PRODUCT_NAME bbvablackmovil.app
    setenv GCC3_VERSION 3.3
    setenv GCC_C_LANGUAGE_STANDARD c99
    setenv GCC_DYNAMIC_NO_PIC NO
    setenv GCC_INLINES_ARE_PRIVATE_EXTERN YES
    setenv GCC_OBJC_LEGACY_DISPATCH YES
    setenv GCC_OPTIMIZATION_LEVEL 0
    setenv GCC_PFE_FILE_C_DIALECTS "c objective-c c++ objective-c++"
    setenv GCC_PRECOMPILE_PREFIX_HEADER YES
    setenv GCC_PREFIX_HEADER bbvablackmovil_Prefix.pch
    setenv GCC_SYMBOLS_PRIVATE_EXTERN YES
    setenv GCC_TREAT_WARNINGS_AS_ERRORS NO
    setenv GCC_VERSION 4.2
    setenv GCC_VERSION_IDENTIFIER __2
    setenv GCC_WARN_ABOUT_RETURN_TYPE YES
    setenv GCC_WARN_UNUSED_VARIABLE YES
    setenv GENERATE_MASTER_OBJECT_FILE NO
    setenv GENERATE_PKGINFO_FILE YES
    setenv GENERATE_PROFILING_CODE NO
    setenv GID 20
    setenv GROUP staff
    setenv HEADERMAP_INCLUDES_FLAT_ENTRIES_FOR_TARGET_BEING_BUILT YES
    setenv HEADERMAP_INCLUDES_FRAMEWORK_ENTRIES_FOR_ALL_PRODUCT_TYPES YES
    setenv HEADERMAP_INCLUDES_NONPUBLIC_NONPRIVATE_HEADERS YES
    setenv HEADERMAP_INCLUDES_PROJECT_HEADERS YES
    setenv HEADER_SEARCH_PATHS "\"/Users/nacho/BBVA-MasterCard-Black-Ipad/com.tribecamedia.bbvablackmovil_iOS/build/Debug-iphonesimulator/include\" "
    setenv ICONV /usr/bin/iconv
    setenv INFOPLIST_EXPAND_BUILD_SETTINGS YES
    setenv INFOPLIST_FILE bbvablackmovil-Info.plist
    setenv INFOPLIST_OUTPUT_FORMAT binary
    setenv INFOPLIST_PATH bbvablackmovil.app/Info.plist
    setenv INFOPLIST_PREPROCESS NO
    setenv INFOSTRINGS_PATH bbvablackmovil.app/English.lproj/InfoPlist.strings
    setenv INSTALL_DIR /tmp/bbvablackmovil-iPad.dst/Applications
    setenv INSTALL_GROUP staff
    setenv INSTALL_MODE_FLAG u+w,go-w,a+rX
    setenv INSTALL_OWNER nacho
    setenv INSTALL_PATH /Applications
    setenv INSTALL_ROOT /tmp/bbvablackmovil-iPad.dst
    setenv IPHONEOS_DEPLOYMENT_TARGET 3.2
    setenv JAVAC_DEFAULT_FLAGS "-J-Xms64m -J-XX:NewSize=4M -J-Dfile.encoding=UTF8"
    setenv JAVA_APP_STUB /System/Library/Frameworks/JavaVM.framework/Resources/MacOS/JavaApplicationStub
    setenv JAVA_ARCHIVE_CLASSES YES
    setenv JAVA_ARCHIVE_TYPE JAR
    setenv JAVA_COMPILER /usr/bin/javac
    setenv JAVA_FOLDER_PATH bbvablackmovil.app/Java
    setenv JAVA_FRAMEWORK_RESOURCES_DIRS Resources
    setenv JAVA_JAR_FLAGS cv
    setenv JAVA_SOURCE_SUBDIR .
    setenv JAVA_USE_DEPENDENCIES YES
    setenv JAVA_ZIP_FLAGS -urg
    setenv JIKES_DEFAULT_FLAGS "+E +OLDCSO"
    setenv KEEP_PRIVATE_EXTERNS NO
    setenv LD_GENERATE_MAP_FILE NO
    setenv LD_MAP_FILE_PATH /Users/nacho/BBVA-MasterCard-Black-Ipad/com.tribecamedia.bbvablackmovil_iOS/build/bbvablackmovil-iPad.build/Debug-iphonesimulator/bbvablackmovil.build/bbvablackmovil-LinkMap-normal-i386.txt
    setenv LD_OPENMP_FLAGS -fopenmp
    setenv LEX /Developer/usr/bin/lex
    setenv LIBRARY_FLAG_NOSPACE YES
    setenv LIBRARY_FLAG_PREFIX -l
    setenv LIBRARY_SEARCH_PATHS "\"/Users/nacho/BBVA-MasterCard-Black-Ipad/com.tribecamedia.bbvablackmovil_iOS/build/Debug-iphonesimulator\" "
    setenv LINKER_DISPLAYS_MANGLED_NAMES NO
    setenv LINK_FILE_LIST_normal_i386 /Users/nacho/BBVA-MasterCard-Black-Ipad/com.tribecamedia.bbvablackmovil_iOS/build/bbvablackmovil-iPad.build/Debug-iphonesimulator/bbvablackmovil.build/Objects-normal/i386/bbvablackmovil.LinkFileList
    setenv LINK_WITH_STANDARD_LIBRARIES YES
    setenv LOCALIZED_RESOURCES_FOLDER_PATH bbvablackmovil.app/English.lproj
    setenv LOCAL_ADMIN_APPS_DIR /Applications/Utilities
    setenv LOCAL_APPS_DIR /Applications
    setenv LOCAL_DEVELOPER_DIR /Library/Developer
    setenv LOCAL_LIBRARY_DIR /Library
    setenv MACH_O_TYPE mh_execute
    setenv MACOSX_DEPLOYMENT_TARGET 10.6
    setenv MAC_OS_X_PRODUCT_BUILD_VERSION 11D50
    setenv MAC_OS_X_VERSION_ACTUAL 1073
    setenv MAC_OS_X_VERSION_MAJOR 1070
    setenv MAC_OS_X_VERSION_MINOR 0703
    setenv NATIVE_ARCH i386
    setenv NATIVE_ARCH_32_BIT i386
    setenv NATIVE_ARCH_64_BIT x86_64
    setenv NATIVE_ARCH_ACTUAL x86_64
    setenv NO_COMMON YES
    setenv OBJC_ABI_VERSION 2
    setenv OBJECT_FILE_DIR /Users/nacho/BBVA-MasterCard-Black-Ipad/com.tribecamedia.bbvablackmovil_iOS/build/bbvablackmovil-iPad.build/Debug-iphonesimulator/bbvablackmovil.build/Objects
    setenv OBJECT_FILE_DIR_normal /Users/nacho/BBVA-MasterCard-Black-Ipad/com.tribecamedia.bbvablackmovil_iOS/build/bbvablackmovil-iPad.build/Debug-iphonesimulator/bbvablackmovil.build/Objects-normal
    setenv OBJROOT /Users/nacho/BBVA-MasterCard-Black-Ipad/com.tribecamedia.bbvablackmovil_iOS/build
    setenv ONLY_ACTIVE_ARCH NO
    setenv OPTIMIZATION_LEVEL 0
    setenv OS MACOS
    setenv OSAC /usr/bin/osacompile
    setenv OTHER_LDFLAGS "-all_load -Obj-C"
    setenv PACKAGE_TYPE com.apple.package-type.wrapper.application
    setenv PASCAL_STRINGS YES
    setenv PATH "/Developer/Platforms/iPhoneSimulator.platform/Developer/usr/bin:/Developer/usr/bin:/usr/bin:/bin:/usr/sbin:/sbin"
    setenv PATH_PREFIXES_EXCLUDED_FROM_HEADER_DEPENDENCIES "/usr/include /usr/local/include /System/Library/Frameworks /System/Library/PrivateFrameworks /Developer/Headers /Developer/SDKs /Developer/Platforms"
    setenv PBDEVELOPMENTPLIST_PATH bbvablackmovil.app/pbdevelopment.plist
    setenv PFE_FILE_C_DIALECTS objective-c
    setenv PHONEGAPLIB /Users/nacho/Documents/DW_NAF/PhoneGapLib
    setenv PKGINFO_FILE_PATH /Users/nacho/BBVA-MasterCard-Black-Ipad/com.tribecamedia.bbvablackmovil_iOS/build/bbvablackmovil-iPad.build/Debug-iphonesimulator/bbvablackmovil.build/PkgInfo
    setenv PKGINFO_PATH bbvablackmovil.app/PkgInfo
    setenv PLATFORM_DEVELOPER_APPLICATIONS_DIR /Developer/Platforms/iPhoneSimulator.platform/Developer/Applications
    setenv PLATFORM_DEVELOPER_BIN_DIR /Developer/Platforms/iPhoneSimulator.platform/Developer/usr/bin
    setenv PLATFORM_DEVELOPER_LIBRARY_DIR /Developer/Platforms/iPhoneSimulator.platform/Developer/Library
    setenv PLATFORM_DEVELOPER_SDK_DIR /Developer/Platforms/iPhoneSimulator.platform/Developer/SDKs
    setenv PLATFORM_DEVELOPER_TOOLS_DIR /Developer/Platforms/iPhoneSimulator.platform/Developer/Tools
    setenv PLATFORM_DEVELOPER_USR_DIR /Developer/Platforms/iPhoneSimulator.platform/Developer/usr
    setenv PLATFORM_DIR /Developer/Platforms/iPhoneSimulator.platform
    setenv PLATFORM_NAME iphonesimulator
    setenv PLATFORM_PRODUCT_BUILD_VERSION 8F192
    setenv PLATFORM_VERSION_AVAILABILITY_H_FORMAT 40200
    setenv PLIST_FILE_OUTPUT_FORMAT binary
    setenv PLUGINS_FOLDER_PATH bbvablackmovil.app/PlugIns
    setenv PREBINDING NO
    setenv PRECOMPS_INCLUDE_HEADERS_FROM_BUILT_PRODUCTS_DIR YES
    setenv PRECOMP_DESTINATION_DIR /Users/nacho/BBVA-MasterCard-Black-Ipad/com.tribecamedia.bbvablackmovil_iOS/build/bbvablackmovil-iPad.build/Debug-iphonesimulator/bbvablackmovil.build/PrefixHeaders
    setenv PRESERVE_DEAD_CODE_INITS_AND_TERMS NO
    setenv PRIVATE_HEADERS_FOLDER_PATH bbvablackmovil.app/PrivateHeaders
    setenv PRODUCT_NAME bbvablackmovil
    setenv PRODUCT_SETTINGS_PATH /Users/nacho/BBVA-MasterCard-Black-Ipad/com.tribecamedia.bbvablackmovil_iOS/bbvablackmovil-Info.plist
    setenv PRODUCT_TYPE com.apple.product-type.application
    setenv PROFILING_CODE NO
    setenv PROJECT bbvablackmovil-iPad
    setenv PROJECT_DERIVED_FILE_DIR /Users/nacho/BBVA-MasterCard-Black-Ipad/com.tribecamedia.bbvablackmovil_iOS/build/bbvablackmovil-iPad.build/DerivedSources
    setenv PROJECT_DIR /Users/nacho/BBVA-MasterCard-Black-Ipad/com.tribecamedia.bbvablackmovil_iOS
    setenv PROJECT_FILE_PATH /Users/nacho/BBVA-MasterCard-Black-Ipad/com.tribecamedia.bbvablackmovil_iOS/bbvablackmovil-iPad.xcodeproj
    setenv PROJECT_NAME bbvablackmovil-iPad
    setenv PROJECT_TEMP_DIR /Users/nacho/BBVA-MasterCard-Black-Ipad/com.tribecamedia.bbvablackmovil_iOS/build/bbvablackmovil-iPad.build
    setenv PUBLIC_HEADERS_FOLDER_PATH bbvablackmovil.app/Headers
    setenv RECURSIVE_SEARCH_PATHS_FOLLOW_SYMLINKS YES
    setenv REMOVE_CVS_FROM_RESOURCES YES
    setenv REMOVE_GIT_FROM_RESOURCES YES
    setenv REMOVE_SVN_FROM_RESOURCES YES
    setenv REZ_COLLECTOR_DIR /Users/nacho/BBVA-MasterCard-Black-Ipad/com.tribecamedia.bbvablackmovil_iOS/build/bbvablackmovil-iPad.build/Debug-iphonesimulator/bbvablackmovil.build/ResourceManagerResources
    setenv REZ_OBJECTS_DIR /Users/nacho/BBVA-MasterCard-Black-Ipad/com.tribecamedia.bbvablackmovil_iOS/build/bbvablackmovil-iPad.build/Debug-iphonesimulator/bbvablackmovil.build/ResourceManagerResources/Objects
    setenv REZ_SEARCH_PATHS "\"/Users/nacho/BBVA-MasterCard-Black-Ipad/com.tribecamedia.bbvablackmovil_iOS/build/Debug-iphonesimulator\" "
    setenv RUN_CLANG_STATIC_ANALYZER NO
    setenv SCAN_ALL_SOURCE_FILES_FOR_INCLUDES NO
    setenv SCRIPTS_FOLDER_PATH bbvablackmovil.app/Scripts
    setenv SCRIPT_INPUT_FILE_COUNT 0
    setenv SCRIPT_OUTPUT_FILE_COUNT 0
    setenv SDKROOT /Developer/Platforms/iPhoneSimulator.platform/Developer/SDKs/iPhoneSimulator4.2.sdk
    setenv SDK_DIR /Developer/Platforms/iPhoneSimulator.platform/Developer/SDKs/iPhoneSimulator4.2.sdk
    setenv SDK_NAME iphonesimulator4.2
    setenv SDK_PRODUCT_BUILD_VERSION 8C134
    setenv SED /usr/bin/sed
    setenv SEPARATE_STRIP NO
    setenv SEPARATE_SYMBOL_EDIT NO
    setenv SET_DIR_MODE_OWNER_GROUP YES
    setenv SET_FILE_MODE_OWNER_GROUP NO
    setenv SHALLOW_BUNDLE YES
    setenv SHARED_DERIVED_FILE_DIR /Users/nacho/BBVA-MasterCard-Black-Ipad/com.tribecamedia.bbvablackmovil_iOS/build/Debug-iphonesimulator/DerivedSources
    setenv SHARED_FRAMEWORKS_FOLDER_PATH bbvablackmovil.app/SharedFrameworks
    setenv SHARED_PRECOMPS_DIR /var/folders/c4/qg9q8mcn1p95bkg35sr7gzr40000gn/C/com.apple.Xcode.501/SharedPrecompiledHeaders
    setenv SHARED_SUPPORT_FOLDER_PATH bbvablackmovil.app/SharedSupport
    setenv SKIP_INSTALL YES
    setenv SOURCE_ROOT /Users/nacho/BBVA-MasterCard-Black-Ipad/com.tribecamedia.bbvablackmovil_iOS
    setenv SRCROOT /Users/nacho/BBVA-MasterCard-Black-Ipad/com.tribecamedia.bbvablackmovil_iOS
    setenv STANDARD_C_PLUS_PLUS_LIBRARY_TYPE dynamic
    setenv STRINGS_FILE_OUTPUT_ENCODING binary
    setenv STRIP_INSTALLED_PRODUCT YES
    setenv STRIP_STYLE all
    setenv SUPPORTED_DEVICE_FAMILIES "1 2"
    setenv SYMBOL_REPOSITORY_DIR /Users/nacho/BBVA-MasterCard-Black-Ipad/com.tribecamedia.bbvablackmovil_iOS/build/bbvablackmovil-iPad.build/Debug-iphonesimulator/bbvablackmovil.build/SymbolRepositories
    setenv SYMROOT /Users/nacho/BBVA-MasterCard-Black-Ipad/com.tribecamedia.bbvablackmovil_iOS/build
    setenv SYSTEM_ADMIN_APPS_DIR /Applications/Utilities
    setenv SYSTEM_APPS_DIR /Applications
    setenv SYSTEM_CORE_SERVICES_DIR /System/Library/CoreServices
    setenv SYSTEM_DEMOS_DIR /Applications/Extras
    setenv SYSTEM_DEVELOPER_APPS_DIR /Developer/Applications
    setenv SYSTEM_DEVELOPER_BIN_DIR /Developer/usr/bin
    setenv SYSTEM_DEVELOPER_DEMOS_DIR "/Developer/Applications/Utilities/Built Examples"
    setenv SYSTEM_DEVELOPER_DIR /Developer
    setenv SYSTEM_DEVELOPER_DOC_DIR "/Developer/ADC Reference Library"
    setenv SYSTEM_DEVELOPER_GRAPHICS_TOOLS_DIR "/Developer/Applications/Graphics Tools"
    setenv SYSTEM_DEVELOPER_JAVA_TOOLS_DIR "/Developer/Applications/Java Tools"
    setenv SYSTEM_DEVELOPER_PERFORMANCE_TOOLS_DIR "/Developer/Applications/Performance Tools"
    setenv SYSTEM_DEVELOPER_RELEASENOTES_DIR "/Developer/ADC Reference Library/releasenotes"
    setenv SYSTEM_DEVELOPER_TOOLS /Developer/Tools
    setenv SYSTEM_DEVELOPER_TOOLS_DOC_DIR "/Developer/ADC Reference Library/documentation/DeveloperTools"
    setenv SYSTEM_DEVELOPER_TOOLS_RELEASENOTES_DIR "/Developer/ADC Reference Library/releasenotes/DeveloperTools"
    setenv SYSTEM_DEVELOPER_USR_DIR /Developer/usr
    setenv SYSTEM_DEVELOPER_UTILITIES_DIR /Developer/Applications/Utilities
    setenv SYSTEM_DOCUMENTATION_DIR /Library/Documentation
    setenv SYSTEM_LIBRARY_DIR /System/Library
    setenv TARGETED_DEVICE_FAMILY 2
    setenv TARGETNAME bbvablackmovil
    setenv TARGET_BUILD_DIR /Users/nacho/BBVA-MasterCard-Black-Ipad/com.tribecamedia.bbvablackmovil_iOS/build/Debug-iphonesimulator
    setenv TARGET_NAME bbvablackmovil
    setenv TARGET_TEMP_DIR /Users/nacho/BBVA-MasterCard-Black-Ipad/com.tribecamedia.bbvablackmovil_iOS/build/bbvablackmovil-iPad.build/Debug-iphonesimulator/bbvablackmovil.build
    setenv TEMP_DIR /Users/nacho/BBVA-MasterCard-Black-Ipad/com.tribecamedia.bbvablackmovil_iOS/build/bbvablackmovil-iPad.build/Debug-iphonesimulator/bbvablackmovil.build
    setenv TEMP_FILES_DIR /Users/nacho/BBVA-MasterCard-Black-Ipad/com.tribecamedia.bbvablackmovil_iOS/build/bbvablackmovil-iPad.build/Debug-iphonesimulator/bbvablackmovil.build
    setenv TEMP_FILE_DIR /Users/nacho/BBVA-MasterCard-Black-Ipad/com.tribecamedia.bbvablackmovil_iOS/build/bbvablackmovil-iPad.build/Debug-iphonesimulator/bbvablackmovil.build
    setenv TEMP_ROOT /Users/nacho/BBVA-MasterCard-Black-Ipad/com.tribecamedia.bbvablackmovil_iOS/build
    setenv UID 501
    setenv UNLOCALIZED_RESOURCES_FOLDER_PATH bbvablackmovil.app
    setenv UNSTRIPPED_PRODUCT NO
    setenv USER nacho
    setenv USER_APPS_DIR /Users/nacho/Applications
    setenv USER_HEADER_SEARCH_PATHS "\"/Users/nacho/Documents/DW_NAF/PhoneGapLib/Classes/JSON\" \"/Users/nacho/Documents/DW_NAF/PhoneGapLib/Classes\""
    setenv USER_LIBRARY_DIR /Users/nacho/Library
    setenv USE_DYNAMIC_NO_PIC YES
    setenv USE_HEADERMAP YES
    setenv USE_HEADER_SYMLINKS NO
    setenv VALIDATE_PRODUCT NO
    setenv VALID_ARCHS "i386 armv7"
    setenv VERBOSE_PBXCP NO
    setenv VERSIONPLIST_PATH bbvablackmovil.app/version.plist
    setenv VERSION_INFO_BUILDER nacho
    setenv VERSION_INFO_FILE bbvablackmovil_vers.c
    setenv VERSION_INFO_STRING "\"@(#)PROGRAM:bbvablackmovil  PROJECT:bbvablackmovil-iPad-\""
    setenv WRAPPER_EXTENSION app
    setenv WRAPPER_NAME bbvablackmovil.app
    setenv WRAPPER_SUFFIX .app
    setenv XCODE_APP_SUPPORT_DIR /Developer/Library/Xcode
    setenv XCODE_PRODUCT_BUILD_VERSION 10M2518
    setenv XCODE_VERSION_ACTUAL 0400
    setenv XCODE_VERSION_MAJOR 0400
    setenv XCODE_VERSION_MINOR 0400
    setenv YACC /Developer/usr/bin/yacc
    /bin/sh -c /Users/nacho/BBVA-MasterCard-Black-Ipad/com.tribecamedia.bbvablackmovil_iOS/build/bbvablackmovil-iPad.build/Debug-iphonesimulator/bbvablackmovil.build/Script-30E9A9A110B758320022D3BA.sh

java -jar util/yuicompressor/yuicompressor-2.4.2.jar --nomunge --charset UTF-8 -o javascripts/phonegap.js javascripts/phonegap-uncompressed.js
cp /Users/nacho/Documents/DW_NAF/PhoneGapLib/javascripts/phonegap.js /Users/nacho/BBVA-MasterCard-Black-Ipad/com.tribecamedia.bbvablackmovil_iOS/www/phonegap.js
PhaseScriptExecution "Touch www folder" build/bbvablackmovil-iPad.build/Debug-iphonesimulator/bbvablackmovil.build/Script-304B58A110DAC018002A0835.sh
    cd /Users/nacho/BBVA-MasterCard-Black-Ipad/com.tribecamedia.bbvablackmovil_iOS
    setenv ACTION build
    setenv ALTERNATE_GROUP staff
    setenv ALTERNATE_MODE u+w,go-w,a+rX
    setenv ALTERNATE_OWNER nacho
    setenv ALWAYS_SEARCH_USER_PATHS NO
    setenv APPLE_INTERNAL_DEVELOPER_DIR /AppleInternal/Developer
    setenv APPLE_INTERNAL_DIR /AppleInternal
    setenv APPLE_INTERNAL_DOCUMENTATION_DIR /AppleInternal/Documentation
    setenv APPLE_INTERNAL_LIBRARY_DIR /AppleInternal/Library
    setenv APPLE_INTERNAL_TOOLS /AppleInternal/Developer/Tools
    setenv APPLY_RULES_IN_COPY_FILES NO
    setenv ARCHS i386
    setenv ARCHS_STANDARD_32_BIT i386
    setenv ARCHS_UNIVERSAL_IPHONE_OS i386
    setenv BUILD_COMPONENTS "headers build"
    setenv BUILD_DIR /Users/nacho/BBVA-MasterCard-Black-Ipad/com.tribecamedia.bbvablackmovil_iOS/build
    setenv BUILD_ROOT /Users/nacho/BBVA-MasterCard-Black-Ipad/com.tribecamedia.bbvablackmovil_iOS/build
    setenv BUILD_STYLE Debug
    setenv BUILD_VARIANTS normal
    setenv BUILT_PRODUCTS_DIR /Users/nacho/BBVA-MasterCard-Black-Ipad/com.tribecamedia.bbvablackmovil_iOS/build/Debug-iphonesimulator
    setenv CACHE_ROOT /var/folders/c4/qg9q8mcn1p95bkg35sr7gzr40000gn/C/com.apple.Xcode.501
    setenv CCHROOT /var/folders/c4/qg9q8mcn1p95bkg35sr7gzr40000gn/C/com.apple.Xcode.501
    setenv CHMOD /bin/chmod
    setenv CHOWN /usr/sbin/chown
    setenv CLASS_FILE_DIR /Users/nacho/BBVA-MasterCard-Black-Ipad/com.tribecamedia.bbvablackmovil_iOS/build/bbvablackmovil-iPad.build/Debug-iphonesimulator/bbvablackmovil.build/JavaClasses
    setenv CLEAN_PRECOMPS YES
    setenv CLONE_HEADERS NO
    setenv CODESIGNING_FOLDER_PATH /Users/nacho/BBVA-MasterCard-Black-Ipad/com.tribecamedia.bbvablackmovil_iOS/build/Debug-iphonesimulator/bbvablackmovil.app
    setenv COMMAND_MODE legacy
    setenv COMPOSITE_SDK_DIRS /var/folders/c4/qg9q8mcn1p95bkg35sr7gzr40000gn/C/com.apple.Xcode.501/CompositeSDKs
    setenv COMPRESS_PNG_FILES YES
    setenv CONFIGURATION Debug
    setenv CONFIGURATION_BUILD_DIR /Users/nacho/BBVA-MasterCard-Black-Ipad/com.tribecamedia.bbvablackmovil_iOS/build/Debug-iphonesimulator
    setenv CONFIGURATION_TEMP_DIR /Users/nacho/BBVA-MasterCard-Black-Ipad/com.tribecamedia.bbvablackmovil_iOS/build/bbvablackmovil-iPad.build/Debug-iphonesimulator
    setenv CONTENTS_FOLDER_PATH bbvablackmovil.app
    setenv COPYING_PRESERVES_HFS_DATA NO
    setenv COPY_PHASE_STRIP NO
    setenv COPY_RESOURCES_FROM_STATIC_FRAMEWORKS YES
    setenv CP /bin/cp
    setenv CURRENT_ARCH i386
    setenv CURRENT_VARIANT normal
    setenv DEAD_CODE_STRIPPING NO
    setenv DEBUGGING_SYMBOLS YES
    setenv DEBUG_INFORMATION_FORMAT dwarf-with-dsym
    setenv DEPLOYMENT_LOCATION NO
    setenv DEPLOYMENT_POSTPROCESSING NO
    setenv DERIVED_FILES_DIR /Users/nacho/BBVA-MasterCard-Black-Ipad/com.tribecamedia.bbvablackmovil_iOS/build/bbvablackmovil-iPad.build/Debug-iphonesimulator/bbvablackmovil.build/DerivedSources
    setenv DERIVED_FILE_DIR /Users/nacho/BBVA-MasterCard-Black-Ipad/com.tribecamedia.bbvablackmovil_iOS/build/bbvablackmovil-iPad.build/Debug-iphonesimulator/bbvablackmovil.build/DerivedSources
    setenv DERIVED_SOURCES_DIR /Users/nacho/BBVA-MasterCard-Black-Ipad/com.tribecamedia.bbvablackmovil_iOS/build/bbvablackmovil-iPad.build/Debug-iphonesimulator/bbvablackmovil.build/DerivedSources
    setenv DEVELOPER_APPLICATIONS_DIR /Developer/Applications
    setenv DEVELOPER_BIN_DIR /Developer/usr/bin
    setenv DEVELOPER_DIR /Developer
    setenv DEVELOPER_FRAMEWORKS_DIR /Developer/Library/Frameworks
    setenv DEVELOPER_FRAMEWORKS_DIR_QUOTED "\"/Developer/Library/Frameworks\""
    setenv DEVELOPER_LIBRARY_DIR /Developer/Library
    setenv DEVELOPER_SDK_DIR /Developer/SDKs
    setenv DEVELOPER_TOOLS_DIR /Developer/Tools
    setenv DEVELOPER_USR_DIR /Developer/usr
    setenv DEVELOPMENT_LANGUAGE English
    setenv DOCUMENTATION_FOLDER_PATH bbvablackmovil.app/English.lproj/Documentation
    setenv DO_HEADER_SCANNING_IN_JAM NO
    setenv DSTROOT /tmp/bbvablackmovil-iPad.dst
    setenv DWARF_DSYM_FILE_NAME bbvablackmovil.app.dSYM
    setenv DWARF_DSYM_FOLDER_PATH /Users/nacho/BBVA-MasterCard-Black-Ipad/com.tribecamedia.bbvablackmovil_iOS/build/Debug-iphonesimulator
    setenv EFFECTIVE_PLATFORM_NAME -iphonesimulator
    setenv ENABLE_HEADER_DEPENDENCIES YES
    setenv ENABLE_OPENMP_SUPPORT NO
    setenv EXCLUDED_INSTALLSRC_SUBDIRECTORY_PATTERNS ".svn .git CVS"
    setenv EXCLUDED_RECURSIVE_SEARCH_PATH_SUBDIRECTORIES "*.nib *.lproj *.framework *.gch (*) CVS .svn .git *.xcodeproj *.xcode *.pbproj *.pbxproj"
    setenv EXECUTABLES_FOLDER_PATH bbvablackmovil.app/Executables
    setenv EXECUTABLE_FOLDER_PATH bbvablackmovil.app
    setenv EXECUTABLE_NAME bbvablackmovil
    setenv EXECUTABLE_PATH bbvablackmovil.app/bbvablackmovil
    setenv FILE_LIST /Users/nacho/BBVA-MasterCard-Black-Ipad/com.tribecamedia.bbvablackmovil_iOS/build/bbvablackmovil-iPad.build/Debug-iphonesimulator/bbvablackmovil.build/Objects/LinkFileList
    setenv FIXED_FILES_DIR /Users/nacho/BBVA-MasterCard-Black-Ipad/com.tribecamedia.bbvablackmovil_iOS/build/bbvablackmovil-iPad.build/Debug-iphonesimulator/bbvablackmovil.build/FixedFiles
    setenv FRAMEWORKS_FOLDER_PATH bbvablackmovil.app/Frameworks
    setenv FRAMEWORK_FLAG_PREFIX -framework
    setenv FRAMEWORK_SEARCH_PATHS "\"/Users/nacho/BBVA-MasterCard-Black-Ipad/com.tribecamedia.bbvablackmovil_iOS/build/Debug-iphonesimulator\" "
    setenv FRAMEWORK_VERSION A
    setenv FULL_PRODUCT_NAME bbvablackmovil.app
    setenv GCC3_VERSION 3.3
    setenv GCC_C_LANGUAGE_STANDARD c99
    setenv GCC_DYNAMIC_NO_PIC NO
    setenv GCC_INLINES_ARE_PRIVATE_EXTERN YES
    setenv GCC_OBJC_LEGACY_DISPATCH YES
    setenv GCC_OPTIMIZATION_LEVEL 0
    setenv GCC_PFE_FILE_C_DIALECTS "c objective-c c++ objective-c++"
    setenv GCC_PRECOMPILE_PREFIX_HEADER YES
    setenv GCC_PREFIX_HEADER bbvablackmovil_Prefix.pch
    setenv GCC_SYMBOLS_PRIVATE_EXTERN YES
    setenv GCC_TREAT_WARNINGS_AS_ERRORS NO
    setenv GCC_VERSION 4.2
    setenv GCC_VERSION_IDENTIFIER __2
    setenv GCC_WARN_ABOUT_RETURN_TYPE YES
    setenv GCC_WARN_UNUSED_VARIABLE YES
    setenv GENERATE_MASTER_OBJECT_FILE NO
    setenv GENERATE_PKGINFO_FILE YES
    setenv GENERATE_PROFILING_CODE NO
    setenv GID 20
    setenv GROUP staff
    setenv HEADERMAP_INCLUDES_FLAT_ENTRIES_FOR_TARGET_BEING_BUILT YES
    setenv HEADERMAP_INCLUDES_FRAMEWORK_ENTRIES_FOR_ALL_PRODUCT_TYPES YES
    setenv HEADERMAP_INCLUDES_NONPUBLIC_NONPRIVATE_HEADERS YES
    setenv HEADERMAP_INCLUDES_PROJECT_HEADERS YES
    setenv HEADER_SEARCH_PATHS "\"/Users/nacho/BBVA-MasterCard-Black-Ipad/com.tribecamedia.bbvablackmovil_iOS/build/Debug-iphonesimulator/include\" "
    setenv ICONV /usr/bin/iconv
    setenv INFOPLIST_EXPAND_BUILD_SETTINGS YES
    setenv INFOPLIST_FILE bbvablackmovil-Info.plist
    setenv INFOPLIST_OUTPUT_FORMAT binary
    setenv INFOPLIST_PATH bbvablackmovil.app/Info.plist
    setenv INFOPLIST_PREPROCESS NO
    setenv INFOSTRINGS_PATH bbvablackmovil.app/English.lproj/InfoPlist.strings
    setenv INSTALL_DIR /tmp/bbvablackmovil-iPad.dst/Applications
    setenv INSTALL_GROUP staff
    setenv INSTALL_MODE_FLAG u+w,go-w,a+rX
    setenv INSTALL_OWNER nacho
    setenv INSTALL_PATH /Applications
    setenv INSTALL_ROOT /tmp/bbvablackmovil-iPad.dst
    setenv IPHONEOS_DEPLOYMENT_TARGET 3.2
    setenv JAVAC_DEFAULT_FLAGS "-J-Xms64m -J-XX:NewSize=4M -J-Dfile.encoding=UTF8"
    setenv JAVA_APP_STUB /System/Library/Frameworks/JavaVM.framework/Resources/MacOS/JavaApplicationStub
    setenv JAVA_ARCHIVE_CLASSES YES
    setenv JAVA_ARCHIVE_TYPE JAR
    setenv JAVA_COMPILER /usr/bin/javac
    setenv JAVA_FOLDER_PATH bbvablackmovil.app/Java
    setenv JAVA_FRAMEWORK_RESOURCES_DIRS Resources
    setenv JAVA_JAR_FLAGS cv
    setenv JAVA_SOURCE_SUBDIR .
    setenv JAVA_USE_DEPENDENCIES YES
    setenv JAVA_ZIP_FLAGS -urg
    setenv JIKES_DEFAULT_FLAGS "+E +OLDCSO"
    setenv KEEP_PRIVATE_EXTERNS NO
    setenv LD_GENERATE_MAP_FILE NO
    setenv LD_MAP_FILE_PATH /Users/nacho/BBVA-MasterCard-Black-Ipad/com.tribecamedia.bbvablackmovil_iOS/build/bbvablackmovil-iPad.build/Debug-iphonesimulator/bbvablackmovil.build/bbvablackmovil-LinkMap-normal-i386.txt
    setenv LD_OPENMP_FLAGS -fopenmp
    setenv LEX /Developer/usr/bin/lex
    setenv LIBRARY_FLAG_NOSPACE YES
    setenv LIBRARY_FLAG_PREFIX -l
    setenv LIBRARY_SEARCH_PATHS "\"/Users/nacho/BBVA-MasterCard-Black-Ipad/com.tribecamedia.bbvablackmovil_iOS/build/Debug-iphonesimulator\" "
    setenv LINKER_DISPLAYS_MANGLED_NAMES NO
    setenv LINK_FILE_LIST_normal_i386 /Users/nacho/BBVA-MasterCard-Black-Ipad/com.tribecamedia.bbvablackmovil_iOS/build/bbvablackmovil-iPad.build/Debug-iphonesimulator/bbvablackmovil.build/Objects-normal/i386/bbvablackmovil.LinkFileList
    setenv LINK_WITH_STANDARD_LIBRARIES YES
    setenv LOCALIZED_RESOURCES_FOLDER_PATH bbvablackmovil.app/English.lproj
    setenv LOCAL_ADMIN_APPS_DIR /Applications/Utilities
    setenv LOCAL_APPS_DIR /Applications
    setenv LOCAL_DEVELOPER_DIR /Library/Developer
    setenv LOCAL_LIBRARY_DIR /Library
    setenv MACH_O_TYPE mh_execute
    setenv MACOSX_DEPLOYMENT_TARGET 10.6
    setenv MAC_OS_X_PRODUCT_BUILD_VERSION 11D50
    setenv MAC_OS_X_VERSION_ACTUAL 1073
    setenv MAC_OS_X_VERSION_MAJOR 1070
    setenv MAC_OS_X_VERSION_MINOR 0703
    setenv NATIVE_ARCH i386
    setenv NATIVE_ARCH_32_BIT i386
    setenv NATIVE_ARCH_64_BIT x86_64
    setenv NATIVE_ARCH_ACTUAL x86_64
    setenv NO_COMMON YES
    setenv OBJC_ABI_VERSION 2
    setenv OBJECT_FILE_DIR /Users/nacho/BBVA-MasterCard-Black-Ipad/com.tribecamedia.bbvablackmovil_iOS/build/bbvablackmovil-iPad.build/Debug-iphonesimulator/bbvablackmovil.build/Objects
    setenv OBJECT_FILE_DIR_normal /Users/nacho/BBVA-MasterCard-Black-Ipad/com.tribecamedia.bbvablackmovil_iOS/build/bbvablackmovil-iPad.build/Debug-iphonesimulator/bbvablackmovil.build/Objects-normal
    setenv OBJROOT /Users/nacho/BBVA-MasterCard-Black-Ipad/com.tribecamedia.bbvablackmovil_iOS/build
    setenv ONLY_ACTIVE_ARCH NO
    setenv OPTIMIZATION_LEVEL 0
    setenv OS MACOS
    setenv OSAC /usr/bin/osacompile
    setenv OTHER_LDFLAGS "-all_load -Obj-C"
    setenv PACKAGE_TYPE com.apple.package-type.wrapper.application
    setenv PASCAL_STRINGS YES
    setenv PATH "/Developer/Platforms/iPhoneSimulator.platform/Developer/usr/bin:/Developer/usr/bin:/usr/bin:/bin:/usr/sbin:/sbin"
    setenv PATH_PREFIXES_EXCLUDED_FROM_HEADER_DEPENDENCIES "/usr/include /usr/local/include /System/Library/Frameworks /System/Library/PrivateFrameworks /Developer/Headers /Developer/SDKs /Developer/Platforms"
    setenv PBDEVELOPMENTPLIST_PATH bbvablackmovil.app/pbdevelopment.plist
    setenv PFE_FILE_C_DIALECTS objective-c
    setenv PHONEGAPLIB /Users/nacho/Documents/DW_NAF/PhoneGapLib
    setenv PKGINFO_FILE_PATH /Users/nacho/BBVA-MasterCard-Black-Ipad/com.tribecamedia.bbvablackmovil_iOS/build/bbvablackmovil-iPad.build/Debug-iphonesimulator/bbvablackmovil.build/PkgInfo
    setenv PKGINFO_PATH bbvablackmovil.app/PkgInfo
    setenv PLATFORM_DEVELOPER_APPLICATIONS_DIR /Developer/Platforms/iPhoneSimulator.platform/Developer/Applications
    setenv PLATFORM_DEVELOPER_BIN_DIR /Developer/Platforms/iPhoneSimulator.platform/Developer/usr/bin
    setenv PLATFORM_DEVELOPER_LIBRARY_DIR /Developer/Platforms/iPhoneSimulator.platform/Developer/Library
    setenv PLATFORM_DEVELOPER_SDK_DIR /Developer/Platforms/iPhoneSimulator.platform/Developer/SDKs
    setenv PLATFORM_DEVELOPER_TOOLS_DIR /Developer/Platforms/iPhoneSimulator.platform/Developer/Tools
    setenv PLATFORM_DEVELOPER_USR_DIR /Developer/Platforms/iPhoneSimulator.platform/Developer/usr
    setenv PLATFORM_DIR /Developer/Platforms/iPhoneSimulator.platform
    setenv PLATFORM_NAME iphonesimulator
    setenv PLATFORM_PRODUCT_BUILD_VERSION 8F192
    setenv PLATFORM_VERSION_AVAILABILITY_H_FORMAT 40200
    setenv PLIST_FILE_OUTPUT_FORMAT binary
    setenv PLUGINS_FOLDER_PATH bbvablackmovil.app/PlugIns
    setenv PREBINDING NO
    setenv PRECOMPS_INCLUDE_HEADERS_FROM_BUILT_PRODUCTS_DIR YES
    setenv PRECOMP_DESTINATION_DIR /Users/nacho/BBVA-MasterCard-Black-Ipad/com.tribecamedia.bbvablackmovil_iOS/build/bbvablackmovil-iPad.build/Debug-iphonesimulator/bbvablackmovil.build/PrefixHeaders
    setenv PRESERVE_DEAD_CODE_INITS_AND_TERMS NO
    setenv PRIVATE_HEADERS_FOLDER_PATH bbvablackmovil.app/PrivateHeaders
    setenv PRODUCT_NAME bbvablackmovil
    setenv PRODUCT_SETTINGS_PATH /Users/nacho/BBVA-MasterCard-Black-Ipad/com.tribecamedia.bbvablackmovil_iOS/bbvablackmovil-Info.plist
    setenv PRODUCT_TYPE com.apple.product-type.application
    setenv PROFILING_CODE NO
    setenv PROJECT bbvablackmovil-iPad
    setenv PROJECT_DERIVED_FILE_DIR /Users/nacho/BBVA-MasterCard-Black-Ipad/com.tribecamedia.bbvablackmovil_iOS/build/bbvablackmovil-iPad.build/DerivedSources
    setenv PROJECT_DIR /Users/nacho/BBVA-MasterCard-Black-Ipad/com.tribecamedia.bbvablackmovil_iOS
    setenv PROJECT_FILE_PATH /Users/nacho/BBVA-MasterCard-Black-Ipad/com.tribecamedia.bbvablackmovil_iOS/bbvablackmovil-iPad.xcodeproj
    setenv PROJECT_NAME bbvablackmovil-iPad
    setenv PROJECT_TEMP_DIR /Users/nacho/BBVA-MasterCard-Black-Ipad/com.tribecamedia.bbvablackmovil_iOS/build/bbvablackmovil-iPad.build
    setenv PUBLIC_HEADERS_FOLDER_PATH bbvablackmovil.app/Headers
    setenv RECURSIVE_SEARCH_PATHS_FOLLOW_SYMLINKS YES
    setenv REMOVE_CVS_FROM_RESOURCES YES
    setenv REMOVE_GIT_FROM_RESOURCES YES
    setenv REMOVE_SVN_FROM_RESOURCES YES
    setenv REZ_COLLECTOR_DIR /Users/nacho/BBVA-MasterCard-Black-Ipad/com.tribecamedia.bbvablackmovil_iOS/build/bbvablackmovil-iPad.build/Debug-iphonesimulator/bbvablackmovil.build/ResourceManagerResources
    setenv REZ_OBJECTS_DIR /Users/nacho/BBVA-MasterCard-Black-Ipad/com.tribecamedia.bbvablackmovil_iOS/build/bbvablackmovil-iPad.build/Debug-iphonesimulator/bbvablackmovil.build/ResourceManagerResources/Objects
    setenv REZ_SEARCH_PATHS "\"/Users/nacho/BBVA-MasterCard-Black-Ipad/com.tribecamedia.bbvablackmovil_iOS/build/Debug-iphonesimulator\" "
    setenv RUN_CLANG_STATIC_ANALYZER NO
    setenv SCAN_ALL_SOURCE_FILES_FOR_INCLUDES NO
    setenv SCRIPTS_FOLDER_PATH bbvablackmovil.app/Scripts
    setenv SCRIPT_INPUT_FILE_COUNT 0
    setenv SCRIPT_OUTPUT_FILE_COUNT 0
    setenv SDKROOT /Developer/Platforms/iPhoneSimulator.platform/Developer/SDKs/iPhoneSimulator4.2.sdk
    setenv SDK_DIR /Developer/Platforms/iPhoneSimulator.platform/Developer/SDKs/iPhoneSimulator4.2.sdk
    setenv SDK_NAME iphonesimulator4.2
    setenv SDK_PRODUCT_BUILD_VERSION 8C134
    setenv SED /usr/bin/sed
    setenv SEPARATE_STRIP NO
    setenv SEPARATE_SYMBOL_EDIT NO
    setenv SET_DIR_MODE_OWNER_GROUP YES
    setenv SET_FILE_MODE_OWNER_GROUP NO
    setenv SHALLOW_BUNDLE YES
    setenv SHARED_DERIVED_FILE_DIR /Users/nacho/BBVA-MasterCard-Black-Ipad/com.tribecamedia.bbvablackmovil_iOS/build/Debug-iphonesimulator/DerivedSources
    setenv SHARED_FRAMEWORKS_FOLDER_PATH bbvablackmovil.app/SharedFrameworks
    setenv SHARED_PRECOMPS_DIR /var/folders/c4/qg9q8mcn1p95bkg35sr7gzr40000gn/C/com.apple.Xcode.501/SharedPrecompiledHeaders
    setenv SHARED_SUPPORT_FOLDER_PATH bbvablackmovil.app/SharedSupport
    setenv SKIP_INSTALL YES
    setenv SOURCE_ROOT /Users/nacho/BBVA-MasterCard-Black-Ipad/com.tribecamedia.bbvablackmovil_iOS
    setenv SRCROOT /Users/nacho/BBVA-MasterCard-Black-Ipad/com.tribecamedia.bbvablackmovil_iOS
    setenv STANDARD_C_PLUS_PLUS_LIBRARY_TYPE dynamic
    setenv STRINGS_FILE_OUTPUT_ENCODING binary
    setenv STRIP_INSTALLED_PRODUCT YES
    setenv STRIP_STYLE all
    setenv SUPPORTED_DEVICE_FAMILIES "1 2"
    setenv SYMBOL_REPOSITORY_DIR /Users/nacho/BBVA-MasterCard-Black-Ipad/com.tribecamedia.bbvablackmovil_iOS/build/bbvablackmovil-iPad.build/Debug-iphonesimulator/bbvablackmovil.build/SymbolRepositories
    setenv SYMROOT /Users/nacho/BBVA-MasterCard-Black-Ipad/com.tribecamedia.bbvablackmovil_iOS/build
    setenv SYSTEM_ADMIN_APPS_DIR /Applications/Utilities
    setenv SYSTEM_APPS_DIR /Applications
    setenv SYSTEM_CORE_SERVICES_DIR /System/Library/CoreServices
    setenv SYSTEM_DEMOS_DIR /Applications/Extras
    setenv SYSTEM_DEVELOPER_APPS_DIR /Developer/Applications
    setenv SYSTEM_DEVELOPER_BIN_DIR /Developer/usr/bin
    setenv SYSTEM_DEVELOPER_DEMOS_DIR "/Developer/Applications/Utilities/Built Examples"
    setenv SYSTEM_DEVELOPER_DIR /Developer
    setenv SYSTEM_DEVELOPER_DOC_DIR "/Developer/ADC Reference Library"
    setenv SYSTEM_DEVELOPER_GRAPHICS_TOOLS_DIR "/Developer/Applications/Graphics Tools"
    setenv SYSTEM_DEVELOPER_JAVA_TOOLS_DIR "/Developer/Applications/Java Tools"
    setenv SYSTEM_DEVELOPER_PERFORMANCE_TOOLS_DIR "/Developer/Applications/Performance Tools"
    setenv SYSTEM_DEVELOPER_RELEASENOTES_DIR "/Developer/ADC Reference Library/releasenotes"
    setenv SYSTEM_DEVELOPER_TOOLS /Developer/Tools
    setenv SYSTEM_DEVELOPER_TOOLS_DOC_DIR "/Developer/ADC Reference Library/documentation/DeveloperTools"
    setenv SYSTEM_DEVELOPER_TOOLS_RELEASENOTES_DIR "/Developer/ADC Reference Library/releasenotes/DeveloperTools"
    setenv SYSTEM_DEVELOPER_USR_DIR /Developer/usr
    setenv SYSTEM_DEVELOPER_UTILITIES_DIR /Developer/Applications/Utilities
    setenv SYSTEM_DOCUMENTATION_DIR /Library/Documentation
    setenv SYSTEM_LIBRARY_DIR /System/Library
    setenv TARGETED_DEVICE_FAMILY 2
    setenv TARGETNAME bbvablackmovil
    setenv TARGET_BUILD_DIR /Users/nacho/BBVA-MasterCard-Black-Ipad/com.tribecamedia.bbvablackmovil_iOS/build/Debug-iphonesimulator
    setenv TARGET_NAME bbvablackmovil
    setenv TARGET_TEMP_DIR /Users/nacho/BBVA-MasterCard-Black-Ipad/com.tribecamedia.bbvablackmovil_iOS/build/bbvablackmovil-iPad.build/Debug-iphonesimulator/bbvablackmovil.build
    setenv TEMP_DIR /Users/nacho/BBVA-MasterCard-Black-Ipad/com.tribecamedia.bbvablackmovil_iOS/build/bbvablackmovil-iPad.build/Debug-iphonesimulator/bbvablackmovil.build
    setenv TEMP_FILES_DIR /Users/nacho/BBVA-MasterCard-Black-Ipad/com.tribecamedia.bbvablackmovil_iOS/build/bbvablackmovil-iPad.build/Debug-iphonesimulator/bbvablackmovil.build
    setenv TEMP_FILE_DIR /Users/nacho/BBVA-MasterCard-Black-Ipad/com.tribecamedia.bbvablackmovil_iOS/build/bbvablackmovil-iPad.build/Debug-iphonesimulator/bbvablackmovil.build
    setenv TEMP_ROOT /Users/nacho/BBVA-MasterCard-Black-Ipad/com.tribecamedia.bbvablackmovil_iOS/build
    setenv UID 501
    setenv UNLOCALIZED_RESOURCES_FOLDER_PATH bbvablackmovil.app
    setenv UNSTRIPPED_PRODUCT NO
    setenv USER nacho
    setenv USER_APPS_DIR /Users/nacho/Applications
    setenv USER_HEADER_SEARCH_PATHS "\"/Users/nacho/Documents/DW_NAF/PhoneGapLib/Classes/JSON\" \"/Users/nacho/Documents/DW_NAF/PhoneGapLib/Classes\""
    setenv USER_LIBRARY_DIR /Users/nacho/Library
    setenv USE_DYNAMIC_NO_PIC YES
    setenv USE_HEADERMAP YES
    setenv USE_HEADER_SYMLINKS NO
    setenv VALIDATE_PRODUCT NO
    setenv VALID_ARCHS "i386 armv7"
    setenv VERBOSE_PBXCP NO
    setenv VERSIONPLIST_PATH bbvablackmovil.app/version.plist
    setenv VERSION_INFO_BUILDER nacho
    setenv VERSION_INFO_FILE bbvablackmovil_vers.c
    setenv VERSION_INFO_STRING "\"@(#)PROGRAM:bbvablackmovil  PROJECT:bbvablackmovil-iPad-\""
    setenv WRAPPER_EXTENSION app
    setenv WRAPPER_NAME bbvablackmovil.app
    setenv WRAPPER_SUFFIX .app
    setenv XCODE_APP_SUPPORT_DIR /Developer/Library/Xcode
    setenv XCODE_PRODUCT_BUILD_VERSION 10M2518
    setenv XCODE_VERSION_ACTUAL 0400
    setenv XCODE_VERSION_MAJOR 0400
    setenv XCODE_VERSION_MINOR 0400
    setenv YACC /Developer/usr/bin/yacc
    /bin/sh -c /Users/nacho/BBVA-MasterCard-Black-Ipad/com.tribecamedia.bbvablackmovil_iOS/build/bbvablackmovil-iPad.build/Debug-iphonesimulator/bbvablackmovil.build/Script-304B58A110DAC018002A0835.sh

CpResource build/Debug-iphonesimulator/bbvablackmovil.app/www www
    cd /Users/nacho/BBVA-MasterCard-Black-Ipad/com.tribecamedia.bbvablackmovil_iOS
    setenv PATH "/Developer/Platforms/iPhoneSimulator.platform/Developer/usr/bin:/Developer/usr/bin:/usr/bin:/bin:/usr/sbin:/sbin"
    /Developer/Library/PrivateFrameworks/DevToolsCore.framework/Resources/pbxcp -exclude .DS_Store -exclude CVS -exclude .svn -exclude .git -resolve-src-symlinks /Users/nacho/BBVA-MasterCard-Black-Ipad/com.tribecamedia.bbvablackmovil_iOS/www /Users/nacho/BBVA-MasterCard-Black-Ipad/com.tribecamedia.bbvablackmovil_iOS/build/Debug-iphonesimulator/bbvablackmovil.app

CpResource build/Debug-iphonesimulator/bbvablackmovil.app/Default.png Default.png
    cd /Users/nacho/BBVA-MasterCard-Black-Ipad/com.tribecamedia.bbvablackmovil_iOS
    setenv PATH "/Developer/Platforms/iPhoneSimulator.platform/Developer/usr/bin:/Developer/usr/bin:/usr/bin:/bin:/usr/sbin:/sbin"
    /Developer/Library/PrivateFrameworks/DevToolsCore.framework/Resources/pbxcp -exclude .DS_Store -exclude CVS -exclude .svn -exclude .git -resolve-src-symlinks /Users/nacho/BBVA-MasterCard-Black-Ipad/com.tribecamedia.bbvablackmovil_iOS/Default.png /Users/nacho/BBVA-MasterCard-Black-Ipad/com.tribecamedia.bbvablackmovil_iOS/build/Debug-iphonesimulator/bbvablackmovil.app

CpResource build/Debug-iphonesimulator/bbvablackmovil.app/icon.png icon.png
    cd /Users/nacho/BBVA-MasterCard-Black-Ipad/com.tribecamedia.bbvablackmovil_iOS
    setenv PATH "/Developer/Platforms/iPhoneSimulator.platform/Developer/usr/bin:/Developer/usr/bin:/usr/bin:/bin:/usr/sbin:/sbin"
    /Developer/Library/PrivateFrameworks/DevToolsCore.framework/Resources/pbxcp -exclude .DS_Store -exclude CVS -exclude .svn -exclude .git -resolve-src-symlinks /Users/nacho/BBVA-MasterCard-Black-Ipad/com.tribecamedia.bbvablackmovil_iOS/icon.png /Users/nacho/BBVA-MasterCard-Black-Ipad/com.tribecamedia.bbvablackmovil_iOS/build/Debug-iphonesimulator/bbvablackmovil.app

CpResource build/Debug-iphonesimulator/bbvablackmovil.app/VERSION /Users/nacho/Documents/DW_NAF/PhoneGapLib/VERSION
    cd /Users/nacho/BBVA-MasterCard-Black-Ipad/com.tribecamedia.bbvablackmovil_iOS
    setenv PATH "/Developer/Platforms/iPhoneSimulator.platform/Developer/usr/bin:/Developer/usr/bin:/usr/bin:/bin:/usr/sbin:/sbin"
    /Developer/Library/PrivateFrameworks/DevToolsCore.framework/Resources/pbxcp -exclude .DS_Store -exclude CVS -exclude .svn -exclude .git -resolve-src-symlinks /Users/nacho/Documents/DW_NAF/PhoneGapLib/VERSION /Users/nacho/BBVA-MasterCard-Black-Ipad/com.tribecamedia.bbvablackmovil_iOS/build/Debug-iphonesimulator/bbvablackmovil.app

CpResource build/Debug-iphonesimulator/bbvablackmovil.app/PhoneGapBuildSettings.xcconfig PhoneGapBuildSettings.xcconfig
    cd /Users/nacho/BBVA-MasterCard-Black-Ipad/com.tribecamedia.bbvablackmovil_iOS
    setenv PATH "/Developer/Platforms/iPhoneSimulator.platform/Developer/usr/bin:/Developer/usr/bin:/usr/bin:/bin:/usr/sbin:/sbin"
    /Developer/Library/PrivateFrameworks/DevToolsCore.framework/Resources/pbxcp -exclude .DS_Store -exclude CVS -exclude .svn -exclude .git -resolve-src-symlinks /Users/nacho/BBVA-MasterCard-Black-Ipad/com.tribecamedia.bbvablackmovil_iOS/PhoneGapBuildSettings.xcconfig /Users/nacho/BBVA-MasterCard-Black-Ipad/com.tribecamedia.bbvablackmovil_iOS/build/Debug-iphonesimulator/bbvablackmovil.app

CopyPlistFile build/Debug-iphonesimulator/bbvablackmovil.app/PhoneGap.plist PhoneGap.plist
    cd /Users/nacho/BBVA-MasterCard-Black-Ipad/com.tribecamedia.bbvablackmovil_iOS
    setenv PATH "/Developer/Platforms/iPhoneSimulator.platform/Developer/usr/bin:/Developer/usr/bin:/usr/bin:/bin:/usr/sbin:/sbin"
    /Developer/Library/Xcode/Plug-ins/CoreBuildTasks.xcplugin/Contents/Resources/copyplist --convert binary1 PhoneGap.plist --outdir /Users/nacho/BBVA-MasterCard-Black-Ipad/com.tribecamedia.bbvablackmovil_iOS/build/Debug-iphonesimulator/bbvablackmovil.app

ProcessPCH /var/folders/c4/qg9q8mcn1p95bkg35sr7gzr40000gn/C/com.apple.Xcode.501/SharedPrecompiledHeaders/bbvablackmovil_Prefix-hknvbmbrktjbrpcgjttfggauakdm/bbvablackmovil_Prefix.pch.gch bbvablackmovil_Prefix.pch normal i386 objective-c com.apple.compilers.gcc.4_2
    cd /Users/nacho/BBVA-MasterCard-Black-Ipad/com.tribecamedia.bbvablackmovil_iOS
    setenv LANG en_US.US-ASCII
    setenv PATH "/Developer/Platforms/iPhoneSimulator.platform/Developer/usr/bin:/Developer/usr/bin:/usr/bin:/bin:/usr/sbin:/sbin"
    /Developer/Platforms/iPhoneSimulator.platform/Developer/usr/bin/gcc-4.2 -x objective-c-header -arch i386 -fmessage-length=0 -pipe -std=c99 -Wno-trigraphs -fpascal-strings -fasm-blocks -O0 -Wreturn-type -Wunused-variable -isysroot /Developer/Platforms/iPhoneSimulator.platform/Developer/SDKs/iPhoneSimulator4.2.sdk -fexceptions -fvisibility=hidden -mmacosx-version-min=10.6 -gdwarf-2 -fobjc-abi-version=2 -fobjc-legacy-dispatch -D__IPHONE_OS_VERSION_MIN_REQUIRED=30200 -iquote /Users/nacho/BBVA-MasterCard-Black-Ipad/com.tribecamedia.bbvablackmovil_iOS/build/bbvablackmovil-iPad.build/Debug-iphonesimulator/bbvablackmovil.build/bbvablackmovil-generated-files.hmap -I/Users/nacho/BBVA-MasterCard-Black-Ipad/com.tribecamedia.bbvablackmovil_iOS/build/bbvablackmovil-iPad.build/Debug-iphonesimulator/bbvablackmovil.build/bbvablackmovil-own-target-headers.hmap -I/Users/nacho/BBVA-MasterCard-Black-Ipad/com.tribecamedia.bbvablackmovil_iOS/build/bbvablackmovil-iPad.build/Debug-iphonesimulator/bbvablackmovil.build/bbvablackmovil-all-target-headers.hmap -iquote /Users/nacho/BBVA-MasterCard-Black-Ipad/com.tribecamedia.bbvablackmovil_iOS/build/bbvablackmovil-iPad.build/Debug-iphonesimulator/bbvablackmovil.build/bbvablackmovil-project-headers.hmap -F/Users/nacho/BBVA-MasterCard-Black-Ipad/com.tribecamedia.bbvablackmovil_iOS/build/Debug-iphonesimulator -iquote/Users/nacho/Documents/DW_NAF/PhoneGapLib/Classes/JSON -iquote/Users/nacho/Documents/DW_NAF/PhoneGapLib/Classes -I/Users/nacho/BBVA-MasterCard-Black-Ipad/com.tribecamedia.bbvablackmovil_iOS/build/Debug-iphonesimulator/include -I/Users/nacho/BBVA-MasterCard-Black-Ipad/com.tribecamedia.bbvablackmovil_iOS/build/bbvablackmovil-iPad.build/Debug-iphonesimulator/bbvablackmovil.build/DerivedSources/i386 -I/Users/nacho/BBVA-MasterCard-Black-Ipad/com.tribecamedia.bbvablackmovil_iOS/build/bbvablackmovil-iPad.build/Debug-iphonesimulator/bbvablackmovil.build/DerivedSources -c /Users/nacho/BBVA-MasterCard-Black-Ipad/com.tribecamedia.bbvablackmovil_iOS/bbvablackmovil_Prefix.pch -o /var/folders/c4/qg9q8mcn1p95bkg35sr7gzr40000gn/C/com.apple.Xcode.501/SharedPrecompiledHeaders/bbvablackmovil_Prefix-hknvbmbrktjbrpcgjttfggauakdm/bbvablackmovil_Prefix.pch.gch

CompileC build/bbvablackmovil-iPad.build/Debug-iphonesimulator/bbvablackmovil.build/Objects-normal/i386/main.o main.m normal i386 objective-c com.apple.compilers.gcc.4_2
    cd /Users/nacho/BBVA-MasterCard-Black-Ipad/com.tribecamedia.bbvablackmovil_iOS
    setenv LANG en_US.US-ASCII
    setenv PATH "/Developer/Platforms/iPhoneSimulator.platform/Developer/usr/bin:/Developer/usr/bin:/usr/bin:/bin:/usr/sbin:/sbin"
    /Developer/Platforms/iPhoneSimulator.platform/Developer/usr/bin/gcc-4.2 -x objective-c -arch i386 -fmessage-length=0 -pipe -std=c99 -Wno-trigraphs -fpascal-strings -fasm-blocks -O0 -Wreturn-type -Wunused-variable -isysroot /Developer/Platforms/iPhoneSimulator.platform/Developer/SDKs/iPhoneSimulator4.2.sdk -fexceptions -fvisibility=hidden -mmacosx-version-min=10.6 -gdwarf-2 -fobjc-abi-version=2 -fobjc-legacy-dispatch -D__IPHONE_OS_VERSION_MIN_REQUIRED=30200 -iquote /Users/nacho/BBVA-MasterCard-Black-Ipad/com.tribecamedia.bbvablackmovil_iOS/build/bbvablackmovil-iPad.build/Debug-iphonesimulator/bbvablackmovil.build/bbvablackmovil-generated-files.hmap -I/Users/nacho/BBVA-MasterCard-Black-Ipad/com.tribecamedia.bbvablackmovil_iOS/build/bbvablackmovil-iPad.build/Debug-iphonesimulator/bbvablackmovil.build/bbvablackmovil-own-target-headers.hmap -I/Users/nacho/BBVA-MasterCard-Black-Ipad/com.tribecamedia.bbvablackmovil_iOS/build/bbvablackmovil-iPad.build/Debug-iphonesimulator/bbvablackmovil.build/bbvablackmovil-all-target-headers.hmap -iquote /Users/nacho/BBVA-MasterCard-Black-Ipad/com.tribecamedia.bbvablackmovil_iOS/build/bbvablackmovil-iPad.build/Debug-iphonesimulator/bbvablackmovil.build/bbvablackmovil-project-headers.hmap -F/Users/nacho/BBVA-MasterCard-Black-Ipad/com.tribecamedia.bbvablackmovil_iOS/build/Debug-iphonesimulator -iquote/Users/nacho/Documents/DW_NAF/PhoneGapLib/Classes/JSON -iquote/Users/nacho/Documents/DW_NAF/PhoneGapLib/Classes -I/Users/nacho/BBVA-MasterCard-Black-Ipad/com.tribecamedia.bbvablackmovil_iOS/build/Debug-iphonesimulator/include -I/Users/nacho/BBVA-MasterCard-Black-Ipad/com.tribecamedia.bbvablackmovil_iOS/build/bbvablackmovil-iPad.build/Debug-iphonesimulator/bbvablackmovil.build/DerivedSources/i386 -I/Users/nacho/BBVA-MasterCard-Black-Ipad/com.tribecamedia.bbvablackmovil_iOS/build/bbvablackmovil-iPad.build/Debug-iphonesimulator/bbvablackmovil.build/DerivedSources -include /var/folders/c4/qg9q8mcn1p95bkg35sr7gzr40000gn/C/com.apple.Xcode.501/SharedPrecompiledHeaders/bbvablackmovil_Prefix-hknvbmbrktjbrpcgjttfggauakdm/bbvablackmovil_Prefix.pch -c /Users/nacho/BBVA-MasterCard-Black-Ipad/com.tribecamedia.bbvablackmovil_iOS/main.m -o /Users/nacho/BBVA-MasterCard-Black-Ipad/com.tribecamedia.bbvablackmovil_iOS/build/bbvablackmovil-iPad.build/Debug-iphonesimulator/bbvablackmovil.build/Objects-normal/i386/main.o

CompileC build/bbvablackmovil-iPad.build/Debug-iphonesimulator/bbvablackmovil.build/Objects-normal/i386/bbvablackmovilAppDelegate.o Classes/bbvablackmovilAppDelegate.m normal i386 objective-c com.apple.compilers.gcc.4_2
    cd /Users/nacho/BBVA-MasterCard-Black-Ipad/com.tribecamedia.bbvablackmovil_iOS
    setenv LANG en_US.US-ASCII
    setenv PATH "/Developer/Platforms/iPhoneSimulator.platform/Developer/usr/bin:/Developer/usr/bin:/usr/bin:/bin:/usr/sbin:/sbin"
    /Developer/Platforms/iPhoneSimulator.platform/Developer/usr/bin/gcc-4.2 -x objective-c -arch i386 -fmessage-length=0 -pipe -std=c99 -Wno-trigraphs -fpascal-strings -fasm-blocks -O0 -Wreturn-type -Wunused-variable -isysroot /Developer/Platforms/iPhoneSimulator.platform/Developer/SDKs/iPhoneSimulator4.2.sdk -fexceptions -fvisibility=hidden -mmacosx-version-min=10.6 -gdwarf-2 -fobjc-abi-version=2 -fobjc-legacy-dispatch -D__IPHONE_OS_VERSION_MIN_REQUIRED=30200 -iquote /Users/nacho/BBVA-MasterCard-Black-Ipad/com.tribecamedia.bbvablackmovil_iOS/build/bbvablackmovil-iPad.build/Debug-iphonesimulator/bbvablackmovil.build/bbvablackmovil-generated-files.hmap -I/Users/nacho/BBVA-MasterCard-Black-Ipad/com.tribecamedia.bbvablackmovil_iOS/build/bbvablackmovil-iPad.build/Debug-iphonesimulator/bbvablackmovil.build/bbvablackmovil-own-target-headers.hmap -I/Users/nacho/BBVA-MasterCard-Black-Ipad/com.tribecamedia.bbvablackmovil_iOS/build/bbvablackmovil-iPad.build/Debug-iphonesimulator/bbvablackmovil.build/bbvablackmovil-all-target-headers.hmap -iquote /Users/nacho/BBVA-MasterCard-Black-Ipad/com.tribecamedia.bbvablackmovil_iOS/build/bbvablackmovil-iPad.build/Debug-iphonesimulator/bbvablackmovil.build/bbvablackmovil-project-headers.hmap -F/Users/nacho/BBVA-MasterCard-Black-Ipad/com.tribecamedia.bbvablackmovil_iOS/build/Debug-iphonesimulator -iquote/Users/nacho/Documents/DW_NAF/PhoneGapLib/Classes/JSON -iquote/Users/nacho/Documents/DW_NAF/PhoneGapLib/Classes -I/Users/nacho/BBVA-MasterCard-Black-Ipad/com.tribecamedia.bbvablackmovil_iOS/build/Debug-iphonesimulator/include -I/Users/nacho/BBVA-MasterCard-Black-Ipad/com.tribecamedia.bbvablackmovil_iOS/build/bbvablackmovil-iPad.build/Debug-iphonesimulator/bbvablackmovil.build/DerivedSources/i386 -I/Users/nacho/BBVA-MasterCard-Black-Ipad/com.tribecamedia.bbvablackmovil_iOS/build/bbvablackmovil-iPad.build/Debug-iphonesimulator/bbvablackmovil.build/DerivedSources -include /var/folders/c4/qg9q8mcn1p95bkg35sr7gzr40000gn/C/com.apple.Xcode.501/SharedPrecompiledHeaders/bbvablackmovil_Prefix-hknvbmbrktjbrpcgjttfggauakdm/bbvablackmovil_Prefix.pch -c /Users/nacho/BBVA-MasterCard-Black-Ipad/com.tribecamedia.bbvablackmovil_iOS/Classes/bbvablackmovilAppDelegate.m -o /Users/nacho/BBVA-MasterCard-Black-Ipad/com.tribecamedia.bbvablackmovil_iOS/build/bbvablackmovil-iPad.build/Debug-iphonesimulator/bbvablackmovil.build/Objects-normal/i386/bbvablackmovilAppDelegate.o

Ld build/Debug-iphonesimulator/bbvablackmovil.app/bbvablackmovil normal i386
    cd /Users/nacho/BBVA-MasterCard-Black-Ipad/com.tribecamedia.bbvablackmovil_iOS
    setenv MACOSX_DEPLOYMENT_TARGET 10.6
    setenv PATH "/Developer/Platforms/iPhoneSimulator.platform/Developer/usr/bin:/Developer/usr/bin:/usr/bin:/bin:/usr/sbin:/sbin"
    /Developer/Platforms/iPhoneSimulator.platform/Developer/usr/bin/gcc-4.2 -arch i386 -isysroot /Developer/Platforms/iPhoneSimulator.platform/Developer/SDKs/iPhoneSimulator4.2.sdk -L/Users/nacho/BBVA-MasterCard-Black-Ipad/com.tribecamedia.bbvablackmovil_iOS/build/Debug-iphonesimulator -F/Users/nacho/BBVA-MasterCard-Black-Ipad/com.tribecamedia.bbvablackmovil_iOS/build/Debug-iphonesimulator -filelist /Users/nacho/BBVA-MasterCard-Black-Ipad/com.tribecamedia.bbvablackmovil_iOS/build/bbvablackmovil-iPad.build/Debug-iphonesimulator/bbvablackmovil.build/Objects-normal/i386/bbvablackmovil.LinkFileList -mmacosx-version-min=10.6 -all_load -Obj-C -Xlinker -objc_abi_version -Xlinker 2 /Users/nacho/Documents/DW_NAF/PhoneGapLib/build/Debug-iphonesimulator/libPhoneGapLib.a -framework Foundation -framework UIKit -framework CoreGraphics -framework AddressBook -framework AddressBookUI -framework AudioToolbox -framework AVFoundation -framework CFNetwork -framework CoreLocation -framework MediaPlayer -framework QuartzCore -framework SystemConfiguration -framework MobileCoreServices -o /Users/nacho/BBVA-MasterCard-Black-Ipad/com.tribecamedia.bbvablackmovil_iOS/build/Debug-iphonesimulator/bbvablackmovil.app/bbvablackmovil

GenerateDSYMFile build/Debug-iphonesimulator/bbvablackmovil.app.dSYM build/Debug-iphonesimulator/bbvablackmovil.app/bbvablackmovil
    cd /Users/nacho/BBVA-MasterCard-Black-Ipad/com.tribecamedia.bbvablackmovil_iOS
    setenv PATH "/Developer/Platforms/iPhoneSimulator.platform/Developer/usr/bin:/Developer/usr/bin:/usr/bin:/bin:/usr/sbin:/sbin"
    /Developer/usr/bin/dsymutil /Users/nacho/BBVA-MasterCard-Black-Ipad/com.tribecamedia.bbvablackmovil_iOS/build/Debug-iphonesimulator/bbvablackmovil.app/bbvablackmovil -o /Users/nacho/BBVA-MasterCard-Black-Ipad/com.tribecamedia.bbvablackmovil_iOS/build/Debug-iphonesimulator/bbvablackmovil.app.dSYM

Touch build/Debug-iphonesimulator/bbvablackmovil.app
    cd /Users/nacho/BBVA-MasterCard-Black-Ipad/com.tribecamedia.bbvablackmovil_iOS
    setenv PATH "/Developer/Platforms/iPhoneSimulator.platform/Developer/usr/bin:/Developer/usr/bin:/usr/bin:/bin:/usr/sbin:/sbin"
    /usr/bin/touch -c /Users/nacho/BBVA-MasterCard-Black-Ipad/com.tribecamedia.bbvablackmovil_iOS/build/Debug-iphonesimulator/bbvablackmovil.app

** BUILD SUCCEEDED **

operation completed
	emptySelectCount =  44
	readCount = 970
